# JRE version: OpenJDK Runtime Environment Temurin-17.0.10+7 (17.0.10+7) (build 17.0.10+7)
# Java VM: OpenJDK 64-Bit Server VM Temurin-17.0.10+7 (17.0.10+7, mixed mode, tiered, compressed oops, compressed class ptrs, parallel gc, windows-amd64)
GC Precious Log:
 CPUs: 12 total, 12 available
 Memory: 16274M
 Large Page Support: Disabled
 NUMA Support: Disabled
 Compressed Oops: Enabled (32-bit)
 Alignments: Space 512K, Generation 512K, Heap 2M
 Heap Min Capacity: 100M
 Heap Initial Capacity: 100M
 Heap Max Capacity: 1G
 Pre-touch: Disabled
 Parallel Workers: 10
Heap:
 PSYoungGen      total 31232K, used 30553K [0x00000000eab00000, 0x00000000ed100000, 0x0000000100000000)
  eden space 25088K, 97% used [0x00000000eab00000,0x00000000ec2d93d8,0x00000000ec380000)
  from space 6144K, 99% used [0x00000000ecb00000,0x00000000ed0fd338,0x00000000ed100000)
  to   space 5632K, 0% used [0x00000000ec380000,0x00000000ec380000,0x00000000ec900000)
 ParOldGen       total 296960K, used 274903K [0x00000000c0000000, 0x00000000d2200000, 0x00000000eab00000)
  object space 296960K, 92% used [0x00000000c0000000,0x00000000d0c75c60,0x00000000d2200000)
 Metaspace       used 58467K, committed 59456K, reserved 1114112K
  class space    used 6380K, committed 6784K, reserved 1048576K
GC Heap History (20 events):
Event: 14.335 GC heap before
{Heap before GC invocations=163 (full 9):
 PSYoungGen      total 17408K, used 17378K [0x00000000eab00000, 0x00000000ec780000, 0x0000000100000000)
  eden space 13312K, 100% used [0x00000000eab00000,0x00000000eb800000,0x00000000eb800000)
  from space 4096K, 99% used [0x00000000eb800000,0x00000000ebbf8b30,0x00000000ebc00000)
  to   space 7168K, 0% used [0x00000000ec080000,0x00000000ec080000,0x00000000ec780000)
 ParOldGen       total 252928K, used 241983K [0x00000000c0000000, 0x00000000cf700000, 0x00000000eab00000)
  object space 252928K, 95% used [0x00000000c0000000,0x00000000cec4fc78,0x00000000cf700000)
 Metaspace       used 58400K, committed 59392K, reserved 1114112K
  class space    used 6376K, committed 6784K, reserved 1048576K
}
Event: 14.338 GC heap after
{Heap after GC invocations=163 (full 9):
 PSYoungGen      total 18944K, used 3910K [0x00000000eab00000, 0x00000000ec480000, 0x0000000100000000)
  eden space 14848K, 0% used [0x00000000eab00000,0x00000000eab00000,0x00000000eb980000)
  from space 4096K, 95% used [0x00000000ec080000,0x00000000ec4519c0,0x00000000ec480000)
  to   space 5120K, 0% used [0x00000000eba80000,0x00000000eba80000,0x00000000ebf80000)
 ParOldGen       total 252928K, used 246036K [0x00000000c0000000, 0x00000000cf700000, 0x00000000eab00000)
  object space 252928K, 97% used [0x00000000c0000000,0x00000000cf045078,0x00000000cf700000)
 Metaspace       used 58400K, committed 59392K, reserved 1114112K
  class space    used 6376K, committed 6784K, reserved 1048576K
}
Event: 14.359 GC heap before
{Heap before GC invocations=164 (full 9):
 PSYoungGen      total 18944K, used 18758K [0x00000000eab00000, 0x00000000ec480000, 0x0000000100000000)
  eden space 14848K, 100% used [0x00000000eab00000,0x00000000eb980000,0x00000000eb980000)
  from space 4096K, 95% used [0x00000000ec080000,0x00000000ec4519c0,0x00000000ec480000)
  to   space 5120K, 0% used [0x00000000eba80000,0x00000000eba80000,0x00000000ebf80000)
 ParOldGen       total 252928K, used 246036K [0x00000000c0000000, 0x00000000cf700000, 0x00000000eab00000)
  object space 252928K, 97% used [0x00000000c0000000,0x00000000cf045078,0x00000000cf700000)
 Metaspace       used 58400K, committed 59392K, reserved 1114112K
  class space    used 6376K, committed 6784K, reserved 1048576K
}
Event: 14.363 GC heap after
{Heap after GC invocations=164 (full 9):
 PSYoungGen      total 20992K, used 5111K [0x00000000eab00000, 0x00000000ecc00000, 0x0000000100000000)
  eden space 15872K, 0% used [0x00000000eab00000,0x00000000eab00000,0x00000000eba80000)
  from space 5120K, 99% used [0x00000000eba80000,0x00000000ebf7de10,0x00000000ebf80000)
  to   space 8704K, 0% used [0x00000000ec380000,0x00000000ec380000,0x00000000ecc00000)
 ParOldGen       total 252928K, used 248680K [0x00000000c0000000, 0x00000000cf700000, 0x00000000eab00000)
  object space 252928K, 98% used [0x00000000c0000000,0x00000000cf2da1a8,0x00000000cf700000)
 Metaspace       used 58400K, committed 59392K, reserved 1114112K
  class space    used 6376K, committed 6784K, reserved 1048576K
}
Event: 14.392 GC heap before
{Heap before GC invocations=165 (full 9):
 PSYoungGen      total 20992K, used 20983K [0x00000000eab00000, 0x00000000ecc00000, 0x0000000100000000)
  eden space 15872K, 100% used [0x00000000eab00000,0x00000000eba80000,0x00000000eba80000)
  from space 5120K, 99% used [0x00000000eba80000,0x00000000ebf7de10,0x00000000ebf80000)
  to   space 8704K, 0% used [0x00000000ec380000,0x00000000ec380000,0x00000000ecc00000)
 ParOldGen       total 252928K, used 248680K [0x00000000c0000000, 0x00000000cf700000, 0x00000000eab00000)
  object space 252928K, 98% used [0x00000000c0000000,0x00000000cf2da1a8,0x00000000cf700000)
 Metaspace       used 58400K, committed 59392K, reserved 1114112K
  class space    used 6376K, committed 6784K, reserved 1048576K
}
Event: 14.397 GC heap after
{Heap after GC invocations=165 (full 9):
 PSYoungGen      total 24064K, used 5616K [0x00000000eab00000, 0x00000000ec980000, 0x0000000100000000)
  eden space 17920K, 0% used [0x00000000eab00000,0x00000000eab00000,0x00000000ebc80000)
  from space 6144K, 91% used [0x00000000ec380000,0x00000000ec8fc3f0,0x00000000ec980000)
  to   space 6656K, 0% used [0x00000000ebc80000,0x00000000ebc80000,0x00000000ec300000)
 ParOldGen       total 253952K, used 253593K [0x00000000c0000000, 0x00000000cf800000, 0x00000000eab00000)
  object space 253952K, 99% used [0x00000000c0000000,0x00000000cf7a6588,0x00000000cf800000)
 Metaspace       used 58400K, committed 59392K, reserved 1114112K
  class space    used 6376K, committed 6784K, reserved 1048576K
}
Event: 14.397 GC heap before
{Heap before GC invocations=166 (full 10):
 PSYoungGen      total 24064K, used 5616K [0x00000000eab00000, 0x00000000ec980000, 0x0000000100000000)
  eden space 17920K, 0% used [0x00000000eab00000,0x00000000eab00000,0x00000000ebc80000)
  from space 6144K, 91% used [0x00000000ec380000,0x00000000ec8fc3f0,0x00000000ec980000)
  to   space 6656K, 0% used [0x00000000ebc80000,0x00000000ebc80000,0x00000000ec300000)
 ParOldGen       total 253952K, used 253593K [0x00000000c0000000, 0x00000000cf800000, 0x00000000eab00000)
  object space 253952K, 99% used [0x00000000c0000000,0x00000000cf7a6588,0x00000000cf800000)
 Metaspace       used 58400K, committed 59392K, reserved 1114112K
  class space    used 6376K, committed 6784K, reserved 1048576K
}
Event: 14.523 GC heap after
{Heap after GC invocations=166 (full 10):
 PSYoungGen      total 24576K, used 3327K [0x00000000eab00000, 0x00000000ecb80000, 0x0000000100000000)
  eden space 18432K, 0% used [0x00000000eab00000,0x00000000eab00000,0x00000000ebd00000)
  from space 6144K, 54% used [0x00000000ec380000,0x00000000ec6bffc8,0x00000000ec980000)
  to   space 6656K, 0% used [0x00000000ebd00000,0x00000000ebd00000,0x00000000ec380000)
 ParOldGen       total 296960K, used 253821K [0x00000000c0000000, 0x00000000d2200000, 0x00000000eab00000)
  object space 296960K, 85% used [0x00000000c0000000,0x00000000cf7df488,0x00000000d2200000)
 Metaspace       used 58400K, committed 59392K, reserved 1114112K
  class space    used 6376K, committed 6784K, reserved 1048576K
}
Event: 14.552 GC heap before
{Heap before GC invocations=167 (full 10):
 PSYoungGen      total 24576K, used 21759K [0x00000000eab00000, 0x00000000ecb80000, 0x0000000100000000)
  eden space 18432K, 100% used [0x00000000eab00000,0x00000000ebd00000,0x00000000ebd00000)
  from space 6144K, 54% used [0x00000000ec380000,0x00000000ec6bffc8,0x00000000ec980000)
  to   space 6656K, 0% used [0x00000000ebd00000,0x00000000ebd00000,0x00000000ec380000)
 ParOldGen       total 296960K, used 253821K [0x00000000c0000000, 0x00000000d2200000, 0x00000000eab00000)
  object space 296960K, 85% used [0x00000000c0000000,0x00000000cf7df488,0x00000000d2200000)
 Metaspace       used 58400K, committed 59392K, reserved 1114112K
  class space    used 6376K, committed 6784K, reserved 1048576K
}
Event: 14.564 GC heap after
{Heap after GC invocations=167 (full 10):
 PSYoungGen      total 25088K, used 6649K [0x00000000eab00000, 0x00000000ed600000, 0x0000000100000000)
  eden space 18432K, 0% used [0x00000000eab00000,0x00000000eab00000,0x00000000ebd00000)
  from space 6656K, 99% used [0x00000000ebd00000,0x00000000ec37e438,0x00000000ec380000)
  to   space 11776K, 0% used [0x00000000eca80000,0x00000000eca80000,0x00000000ed600000)
 ParOldGen       total 296960K, used 257695K [0x00000000c0000000, 0x00000000d2200000, 0x00000000eab00000)
  object space 296960K, 86% used [0x00000000c0000000,0x00000000cfba7e20,0x00000000d2200000)
 Metaspace       used 58400K, committed 59392K, reserved 1114112K
  class space    used 6376K, committed 6784K, reserved 1048576K
}
Event: 14.599 GC heap before
{Heap before GC invocations=168 (full 10):
 PSYoungGen      total 25088K, used 25081K [0x00000000eab00000, 0x00000000ed600000, 0x0000000100000000)
  eden space 18432K, 100% used [0x00000000eab00000,0x00000000ebd00000,0x00000000ebd00000)
  from space 6656K, 99% used [0x00000000ebd00000,0x00000000ec37e438,0x00000000ec380000)
  to   space 11776K, 0% used [0x00000000eca80000,0x00000000eca80000,0x00000000ed600000)
 ParOldGen       total 296960K, used 257695K [0x00000000c0000000, 0x00000000d2200000, 0x00000000eab00000)
  object space 296960K, 86% used [0x00000000c0000000,0x00000000cfba7e20,0x00000000d2200000)
 Metaspace       used 58401K, committed 59392K, reserved 1114112K
  class space    used 6376K, committed 6784K, reserved 1048576K
}
Event: 14.604 GC heap after
{Heap after GC invocations=168 (full 10):
 PSYoungGen      total 28160K, used 7363K [0x00000000eab00000, 0x00000000ed200000, 0x0000000100000000)
  eden space 20480K, 0% used [0x00000000eab00000,0x00000000eab00000,0x00000000ebf00000)
  from space 7680K, 95% used [0x00000000eca80000,0x00000000ed1b0d10,0x00000000ed200000)
  to   space 8704K, 0% used [0x00000000ec100000,0x00000000ec100000,0x00000000ec980000)
 ParOldGen       total 296960K, used 264122K [0x00000000c0000000, 0x00000000d2200000, 0x00000000eab00000)
  object space 296960K, 88% used [0x00000000c0000000,0x00000000d01eeb50,0x00000000d2200000)
 Metaspace       used 58401K, committed 59392K, reserved 1114112K
  class space    used 6376K, committed 6784K, reserved 1048576K
}
Event: 14.728 GC heap before
{Heap before GC invocations=169 (full 10):
 PSYoungGen      total 28160K, used 27843K [0x00000000eab00000, 0x00000000ed200000, 0x0000000100000000)
  eden space 20480K, 100% used [0x00000000eab00000,0x00000000ebf00000,0x00000000ebf00000)
  from space 7680K, 95% used [0x00000000eca80000,0x00000000ed1b0d10,0x00000000ed200000)
  to   space 8704K, 0% used [0x00000000ec100000,0x00000000ec100000,0x00000000ec980000)
 ParOldGen       total 296960K, used 264122K [0x00000000c0000000, 0x00000000d2200000, 0x00000000eab00000)
  object space 296960K, 88% used [0x00000000c0000000,0x00000000d01eeb50,0x00000000d2200000)
 Metaspace       used 58449K, committed 59456K, reserved 1114112K
  class space    used 6378K, committed 6784K, reserved 1048576K
}
Event: 14.732 GC heap after
{Heap after GC invocations=169 (full 10):
 PSYoungGen      total 31232K, used 8688K [0x00000000eab00000, 0x00000000ed600000, 0x0000000100000000)
  eden space 22528K, 0% used [0x00000000eab00000,0x00000000eab00000,0x00000000ec100000)
  from space 8704K, 99% used [0x00000000ec100000,0x00000000ec97c348,0x00000000ec980000)
  to   space 10752K, 0% used [0x00000000ecb80000,0x00000000ecb80000,0x00000000ed600000)
 ParOldGen       total 296960K, used 265471K [0x00000000c0000000, 0x00000000d2200000, 0x00000000eab00000)
  object space 296960K, 89% used [0x00000000c0000000,0x00000000d033ffb0,0x00000000d2200000)
 Metaspace       used 58449K, committed 59456K, reserved 1114112K
  class space    used 6378K, committed 6784K, reserved 1048576K
}
Event: 14.821 GC heap before
{Heap before GC invocations=170 (full 10):
 PSYoungGen      total 31232K, used 31216K [0x00000000eab00000, 0x00000000ed600000, 0x0000000100000000)
  eden space 22528K, 100% used [0x00000000eab00000,0x00000000ec100000,0x00000000ec100000)
  from space 8704K, 99% used [0x00000000ec100000,0x00000000ec97c348,0x00000000ec980000)
  to   space 10752K, 0% used [0x00000000ecb80000,0x00000000ecb80000,0x00000000ed600000)
 ParOldGen       total 296960K, used 265471K [0x00000000c0000000, 0x00000000d2200000, 0x00000000eab00000)
  object space 296960K, 89% used [0x00000000c0000000,0x00000000d033ffb0,0x00000000d2200000)
 Metaspace       used 58455K, committed 59456K, reserved 1114112K
  class space    used 6379K, committed 6784K, reserved 1048576K
}
Event: 14.826 GC heap after
{Heap after GC invocations=170 (full 10):
 PSYoungGen      total 27648K, used 2774K [0x00000000eab00000, 0x00000000ece80000, 0x0000000100000000)
  eden space 24576K, 0% used [0x00000000eab00000,0x00000000eab00000,0x00000000ec300000)
  from space 3072K, 90% used [0x00000000ecb80000,0x00000000ece358c0,0x00000000ece80000)
  to   space 5632K, 0% used [0x00000000ec380000,0x00000000ec380000,0x00000000ec900000)
 ParOldGen       total 296960K, used 272898K [0x00000000c0000000, 0x00000000d2200000, 0x00000000eab00000)
  object space 296960K, 91% used [0x00000000c0000000,0x00000000d0a80a58,0x00000000d2200000)
 Metaspace       used 58455K, committed 59456K, reserved 1114112K
  class space    used 6379K, committed 6784K, reserved 1048576K
}
Event: 14.915 GC heap before
{Heap before GC invocations=171 (full 10):
 PSYoungGen      total 27648K, used 27350K [0x00000000eab00000, 0x00000000ece80000, 0x0000000100000000)
  eden space 24576K, 100% used [0x00000000eab00000,0x00000000ec300000,0x00000000ec300000)
  from space 3072K, 90% used [0x00000000ecb80000,0x00000000ece358c0,0x00000000ece80000)
  to   space 5632K, 0% used [0x00000000ec380000,0x00000000ec380000,0x00000000ec900000)
 ParOldGen       total 296960K, used 272898K [0x00000000c0000000, 0x00000000d2200000, 0x00000000eab00000)
  object space 296960K, 91% used [0x00000000c0000000,0x00000000d0a80a58,0x00000000d2200000)
 Metaspace       used 58455K, committed 59456K, reserved 1114112K
  class space    used 6379K, committed 6784K, reserved 1048576K
}
Event: 14.917 GC heap after
{Heap after GC invocations=171 (full 10):
 PSYoungGen      total 30720K, used 5352K [0x00000000eab00000, 0x00000000ed100000, 0x0000000100000000)
  eden space 25088K, 0% used [0x00000000eab00000,0x00000000eab00000,0x00000000ec380000)
  from space 5632K, 95% used [0x00000000ec380000,0x00000000ec8ba338,0x00000000ec900000)
  to   space 6144K, 0% used [0x00000000ecb00000,0x00000000ecb00000,0x00000000ed100000)
 ParOldGen       total 296960K, used 272898K [0x00000000c0000000, 0x00000000d2200000, 0x00000000eab00000)
  object space 296960K, 91% used [0x00000000c0000000,0x00000000d0a80a58,0x00000000d2200000)
 Metaspace       used 58455K, committed 59456K, reserved 1114112K
  class space    used 6379K, committed 6784K, reserved 1048576K
}
Event: 14.994 GC heap before
{Heap before GC invocations=172 (full 10):
 PSYoungGen      total 30720K, used 30440K [0x00000000eab00000, 0x00000000ed100000, 0x0000000100000000)
  eden space 25088K, 100% used [0x00000000eab00000,0x00000000ec380000,0x00000000ec380000)
  from space 5632K, 95% used [0x00000000ec380000,0x00000000ec8ba338,0x00000000ec900000)
  to   space 6144K, 0% used [0x00000000ecb00000,0x00000000ecb00000,0x00000000ed100000)
 ParOldGen       total 296960K, used 272898K [0x00000000c0000000, 0x00000000d2200000, 0x00000000eab00000)
  object space 296960K, 91% used [0x00000000c0000000,0x00000000d0a80a58,0x00000000d2200000)
 Metaspace       used 58455K, committed 59456K, reserved 1114112K
  class space    used 6379K, committed 6784K, reserved 1048576K
}
Event: 14.998 GC heap after
{Heap after GC invocations=172 (full 10):
 PSYoungGen      total 31232K, used 6132K [0x00000000eab00000, 0x00000000ed100000, 0x0000000100000000)
  eden space 25088K, 0% used [0x00000000eab00000,0x00000000eab00000,0x00000000ec380000)
  from space 6144K, 99% used [0x00000000ecb00000,0x00000000ed0fd338,0x00000000ed100000)
  to   space 5632K, 0% used [0x00000000ec380000,0x00000000ec380000,0x00000000ec900000)
 ParOldGen       total 296960K, used 274903K [0x00000000c0000000, 0x00000000d2200000, 0x00000000eab00000)
  object space 296960K, 92% used [0x00000000c0000000,0x00000000d0c75c60,0x00000000d2200000)
 Metaspace       used 58455K, committed 59456K, reserved 1114112K
  class space    used 6379K, committed 6784K, reserved 1048576K
}

