# JRE version: OpenJDK Runtime Environment Temurin-17.0.10+7 (17.0.10+7) (build 17.0.10+7)
# Java VM: OpenJDK 64-Bit Server VM Temurin-17.0.10+7 (17.0.10+7, mixed mode, tiered, compressed oops, compressed class ptrs, parallel gc, windows-amd64)
GC Precious Log:
 CPUs: 12 total, 12 available
 Memory: 16274M
 Large Page Support: Disabled
 NUMA Support: Disabled
 Compressed Oops: Enabled (32-bit)
 Alignments: Space 512K, Generation 512K, Heap 2M
 Heap Min Capacity: 100M
 Heap Initial Capacity: 100M
 Heap Max Capacity: 1G
 Pre-touch: Disabled
 Parallel Workers: 10
Heap:
 PSYoungGen      total 23040K, used 5832K [0x00000000eab00000, 0x00000000ec480000, 0x0000000100000000)
  eden space 20992K, 18% used [0x00000000eab00000,0x00000000eaeb4f48,0x00000000ebf80000)
  from space 2048K, 99% used [0x00000000ec080000,0x00000000ec27d3a8,0x00000000ec280000)
  to   space 1024K, 0% used [0x00000000ec380000,0x00000000ec380000,0x00000000ec480000)
 ParOldGen       total 68608K, used 34426K [0x00000000c0000000, 0x00000000c4300000, 0x00000000eab00000)
  object space 68608K, 50% used [0x00000000c0000000,0x00000000c219eaa0,0x00000000c4300000)
 Metaspace       used 48384K, committed 49152K, reserved 1114112K
  class space    used 4956K, committed 5312K, reserved 1048576K
GC Heap History (20 events):
Event: 2.355 GC heap before
{Heap before GC invocations=15 (full 2):
 PSYoungGen      total 24576K, used 24448K [0x00000000eab00000, 0x00000000ec780000, 0x0000000100000000)
  eden space 22016K, 100% used [0x00000000eab00000,0x00000000ec080000,0x00000000ec080000)
  from space 2560K, 95% used [0x00000000ec500000,0x00000000ec760010,0x00000000ec780000)
  to   space 2560K, 0% used [0x00000000ec280000,0x00000000ec280000,0x00000000ec500000)
 ParOldGen       total 68608K, used 17179K [0x00000000c0000000, 0x00000000c4300000, 0x00000000eab00000)
  object space 68608K, 25% used [0x00000000c0000000,0x00000000c10c6e70,0x00000000c4300000)
 Metaspace       used 36956K, committed 37696K, reserved 1114112K
  class space    used 3764K, committed 4096K, reserved 1048576K
}
Event: 2.356 GC heap after
{Heap after GC invocations=15 (full 2):
 PSYoungGen      total 24576K, used 2560K [0x00000000eab00000, 0x00000000ec680000, 0x0000000100000000)
  eden space 22016K, 0% used [0x00000000eab00000,0x00000000eab00000,0x00000000ec080000)
  from space 2560K, 100% used [0x00000000ec280000,0x00000000ec500000,0x00000000ec500000)
  to   space 1536K, 0% used [0x00000000ec500000,0x00000000ec500000,0x00000000ec680000)
 ParOldGen       total 68608K, used 19490K [0x00000000c0000000, 0x00000000c4300000, 0x00000000eab00000)
  object space 68608K, 28% used [0x00000000c0000000,0x00000000c1308a28,0x00000000c4300000)
 Metaspace       used 36956K, committed 37696K, reserved 1114112K
  class space    used 3764K, committed 4096K, reserved 1048576K
}
Event: 2.375 GC heap before
{Heap before GC invocations=16 (full 2):
 PSYoungGen      total 24576K, used 24576K [0x00000000eab00000, 0x00000000ec680000, 0x0000000100000000)
  eden space 22016K, 100% used [0x00000000eab00000,0x00000000ec080000,0x00000000ec080000)
  from space 2560K, 100% used [0x00000000ec280000,0x00000000ec500000,0x00000000ec500000)
  to   space 1536K, 0% used [0x00000000ec500000,0x00000000ec500000,0x00000000ec680000)
 ParOldGen       total 68608K, used 19490K [0x00000000c0000000, 0x00000000c4300000, 0x00000000eab00000)
  object space 68608K, 28% used [0x00000000c0000000,0x00000000c1308a28,0x00000000c4300000)
 Metaspace       used 36956K, committed 37696K, reserved 1114112K
  class space    used 3764K, committed 4096K, reserved 1048576K
}
Event: 2.377 GC heap after
{Heap after GC invocations=16 (full 2):
 PSYoungGen      total 22528K, used 1504K [0x00000000eab00000, 0x00000000ecb80000, 0x0000000100000000)
  eden space 20992K, 0% used [0x00000000eab00000,0x00000000eab00000,0x00000000ebf80000)
  from space 1536K, 97% used [0x00000000ec500000,0x00000000ec678010,0x00000000ec680000)
  to   space 5632K, 0% used [0x00000000ebf80000,0x00000000ebf80000,0x00000000ec500000)
 ParOldGen       total 68608K, used 22800K [0x00000000c0000000, 0x00000000c4300000, 0x00000000eab00000)
  object space 68608K, 33% used [0x00000000c0000000,0x00000000c16442a8,0x00000000c4300000)
 Metaspace       used 36956K, committed 37696K, reserved 1114112K
  class space    used 3764K, committed 4096K, reserved 1048576K
}
Event: 2.471 GC heap before
{Heap before GC invocations=17 (full 2):
 PSYoungGen      total 22528K, used 22496K [0x00000000eab00000, 0x00000000ecb80000, 0x0000000100000000)
  eden space 20992K, 100% used [0x00000000eab00000,0x00000000ebf80000,0x00000000ebf80000)
  from space 1536K, 97% used [0x00000000ec500000,0x00000000ec678010,0x00000000ec680000)
  to   space 5632K, 0% used [0x00000000ebf80000,0x00000000ebf80000,0x00000000ec500000)
 ParOldGen       total 68608K, used 22800K [0x00000000c0000000, 0x00000000c4300000, 0x00000000eab00000)
  object space 68608K, 33% used [0x00000000c0000000,0x00000000c16442a8,0x00000000c4300000)
 Metaspace       used 38682K, committed 39424K, reserved 1114112K
  class space    used 3950K, committed 4288K, reserved 1048576K
}
Event: 2.473 GC heap after
{Heap after GC invocations=17 (full 2):
 PSYoungGen      total 23040K, used 2045K [0x00000000eab00000, 0x00000000ec580000, 0x0000000100000000)
  eden space 20992K, 0% used [0x00000000eab00000,0x00000000eab00000,0x00000000ebf80000)
  from space 2048K, 99% used [0x00000000ebf80000,0x00000000ec17f448,0x00000000ec180000)
  to   space 3072K, 0% used [0x00000000ec280000,0x00000000ec280000,0x00000000ec580000)
 ParOldGen       total 68608K, used 24344K [0x00000000c0000000, 0x00000000c4300000, 0x00000000eab00000)
  object space 68608K, 35% used [0x00000000c0000000,0x00000000c17c62b8,0x00000000c4300000)
 Metaspace       used 38682K, committed 39424K, reserved 1114112K
  class space    used 3950K, committed 4288K, reserved 1048576K
}
Event: 2.662 GC heap before
{Heap before GC invocations=18 (full 2):
 PSYoungGen      total 23040K, used 23037K [0x00000000eab00000, 0x00000000ec580000, 0x0000000100000000)
  eden space 20992K, 100% used [0x00000000eab00000,0x00000000ebf80000,0x00000000ebf80000)
  from space 2048K, 99% used [0x00000000ebf80000,0x00000000ec17f448,0x00000000ec180000)
  to   space 3072K, 0% used [0x00000000ec280000,0x00000000ec280000,0x00000000ec580000)
 ParOldGen       total 68608K, used 24344K [0x00000000c0000000, 0x00000000c4300000, 0x00000000eab00000)
  object space 68608K, 35% used [0x00000000c0000000,0x00000000c17c62b8,0x00000000c4300000)
 Metaspace       used 40016K, committed 40768K, reserved 1114112K
  class space    used 4138K, committed 4480K, reserved 1048576K
}
Event: 2.664 GC heap after
{Heap after GC invocations=18 (full 2):
 PSYoungGen      total 22528K, used 1517K [0x00000000eab00000, 0x00000000ec400000, 0x0000000100000000)
  eden space 20992K, 0% used [0x00000000eab00000,0x00000000eab00000,0x00000000ebf80000)
  from space 1536K, 98% used [0x00000000ec280000,0x00000000ec3fb530,0x00000000ec400000)
  to   space 2048K, 0% used [0x00000000ec000000,0x00000000ec000000,0x00000000ec200000)
 ParOldGen       total 68608K, used 26262K [0x00000000c0000000, 0x00000000c4300000, 0x00000000eab00000)
  object space 68608K, 38% used [0x00000000c0000000,0x00000000c19a59c0,0x00000000c4300000)
 Metaspace       used 40016K, committed 40768K, reserved 1114112K
  class space    used 4138K, committed 4480K, reserved 1048576K
}
Event: 2.872 GC heap before
{Heap before GC invocations=19 (full 2):
 PSYoungGen      total 22528K, used 22509K [0x00000000eab00000, 0x00000000ec400000, 0x0000000100000000)
  eden space 20992K, 100% used [0x00000000eab00000,0x00000000ebf80000,0x00000000ebf80000)
  from space 1536K, 98% used [0x00000000ec280000,0x00000000ec3fb530,0x00000000ec400000)
  to   space 2048K, 0% used [0x00000000ec000000,0x00000000ec000000,0x00000000ec200000)
 ParOldGen       total 68608K, used 26262K [0x00000000c0000000, 0x00000000c4300000, 0x00000000eab00000)
  object space 68608K, 38% used [0x00000000c0000000,0x00000000c19a59c0,0x00000000c4300000)
 Metaspace       used 41776K, committed 42496K, reserved 1114112K
  class space    used 4286K, committed 4608K, reserved 1048576K
}
Event: 2.874 GC heap after
{Heap after GC invocations=19 (full 2):
 PSYoungGen      total 23040K, used 480K [0x00000000eab00000, 0x00000000ec300000, 0x0000000100000000)
  eden space 20992K, 0% used [0x00000000eab00000,0x00000000eab00000,0x00000000ebf80000)
  from space 2048K, 23% used [0x00000000ec000000,0x00000000ec078000,0x00000000ec200000)
  to   space 1024K, 0% used [0x00000000ec200000,0x00000000ec200000,0x00000000ec300000)
 ParOldGen       total 68608K, used 27606K [0x00000000c0000000, 0x00000000c4300000, 0x00000000eab00000)
  object space 68608K, 40% used [0x00000000c0000000,0x00000000c1af5bd0,0x00000000c4300000)
 Metaspace       used 41776K, committed 42496K, reserved 1114112K
  class space    used 4286K, committed 4608K, reserved 1048576K
}
Event: 3.123 GC heap before
{Heap before GC invocations=20 (full 2):
 PSYoungGen      total 23040K, used 21472K [0x00000000eab00000, 0x00000000ec300000, 0x0000000100000000)
  eden space 20992K, 100% used [0x00000000eab00000,0x00000000ebf80000,0x00000000ebf80000)
  from space 2048K, 23% used [0x00000000ec000000,0x00000000ec078000,0x00000000ec200000)
  to   space 1024K, 0% used [0x00000000ec200000,0x00000000ec200000,0x00000000ec300000)
 ParOldGen       total 68608K, used 27606K [0x00000000c0000000, 0x00000000c4300000, 0x00000000eab00000)
  object space 68608K, 40% used [0x00000000c0000000,0x00000000c1af5bd0,0x00000000c4300000)
 Metaspace       used 44359K, committed 45056K, reserved 1114112K
  class space    used 4610K, committed 4928K, reserved 1048576K
}
Event: 3.124 GC heap after
{Heap after GC invocations=20 (full 2):
 PSYoungGen      total 22016K, used 1015K [0x00000000eab00000, 0x00000000ec480000, 0x0000000100000000)
  eden space 20992K, 0% used [0x00000000eab00000,0x00000000eab00000,0x00000000ebf80000)
  from space 1024K, 99% used [0x00000000ec200000,0x00000000ec2fdfa0,0x00000000ec300000)
  to   space 2560K, 0% used [0x00000000ebf80000,0x00000000ebf80000,0x00000000ec200000)
 ParOldGen       total 68608K, used 28655K [0x00000000c0000000, 0x00000000c4300000, 0x00000000eab00000)
  object space 68608K, 41% used [0x00000000c0000000,0x00000000c1bfbce8,0x00000000c4300000)
 Metaspace       used 44359K, committed 45056K, reserved 1114112K
  class space    used 4610K, committed 4928K, reserved 1048576K
}
Event: 3.306 GC heap before
{Heap before GC invocations=21 (full 2):
 PSYoungGen      total 22016K, used 22007K [0x00000000eab00000, 0x00000000ec480000, 0x0000000100000000)
  eden space 20992K, 100% used [0x00000000eab00000,0x00000000ebf80000,0x00000000ebf80000)
  from space 1024K, 99% used [0x00000000ec200000,0x00000000ec2fdfa0,0x00000000ec300000)
  to   space 2560K, 0% used [0x00000000ebf80000,0x00000000ebf80000,0x00000000ec200000)
 ParOldGen       total 68608K, used 28655K [0x00000000c0000000, 0x00000000c4300000, 0x00000000eab00000)
  object space 68608K, 41% used [0x00000000c0000000,0x00000000c1bfbce8,0x00000000c4300000)
 Metaspace       used 45579K, committed 46272K, reserved 1114112K
  class space    used 4712K, committed 5056K, reserved 1048576K
}
Event: 3.307 GC heap after
{Heap after GC invocations=21 (full 2):
 PSYoungGen      total 23552K, used 2410K [0x00000000eab00000, 0x00000000ec480000, 0x0000000100000000)
  eden space 20992K, 0% used [0x00000000eab00000,0x00000000eab00000,0x00000000ebf80000)
  from space 2560K, 94% used [0x00000000ebf80000,0x00000000ec1da8e0,0x00000000ec200000)
  to   space 2560K, 0% used [0x00000000ec200000,0x00000000ec200000,0x00000000ec480000)
 ParOldGen       total 68608K, used 29717K [0x00000000c0000000, 0x00000000c4300000, 0x00000000eab00000)
  object space 68608K, 43% used [0x00000000c0000000,0x00000000c1d05538,0x00000000c4300000)
 Metaspace       used 45579K, committed 46272K, reserved 1114112K
  class space    used 4712K, committed 5056K, reserved 1048576K
}
Event: 3.340 GC heap before
{Heap before GC invocations=22 (full 2):
 PSYoungGen      total 23552K, used 23402K [0x00000000eab00000, 0x00000000ec480000, 0x0000000100000000)
  eden space 20992K, 100% used [0x00000000eab00000,0x00000000ebf80000,0x00000000ebf80000)
  from space 2560K, 94% used [0x00000000ebf80000,0x00000000ec1da8e0,0x00000000ec200000)
  to   space 2560K, 0% used [0x00000000ec200000,0x00000000ec200000,0x00000000ec480000)
 ParOldGen       total 68608K, used 29717K [0x00000000c0000000, 0x00000000c4300000, 0x00000000eab00000)
  object space 68608K, 43% used [0x00000000c0000000,0x00000000c1d05538,0x00000000c4300000)
 Metaspace       used 45606K, committed 46400K, reserved 1114112K
  class space    used 4712K, committed 5056K, reserved 1048576K
}
Event: 3.341 GC heap after
{Heap after GC invocations=22 (full 2):
 PSYoungGen      total 22016K, used 919K [0x00000000eab00000, 0x00000000ec300000, 0x0000000100000000)
  eden space 20992K, 0% used [0x00000000eab00000,0x00000000eab00000,0x00000000ebf80000)
  from space 1024K, 89% used [0x00000000ec200000,0x00000000ec2e5e30,0x00000000ec300000)
  to   space 1536K, 0% used [0x00000000ec000000,0x00000000ec000000,0x00000000ec180000)
 ParOldGen       total 68608K, used 30713K [0x00000000c0000000, 0x00000000c4300000, 0x00000000eab00000)
  object space 68608K, 44% used [0x00000000c0000000,0x00000000c1dfe6e0,0x00000000c4300000)
 Metaspace       used 45606K, committed 46400K, reserved 1114112K
  class space    used 4712K, committed 5056K, reserved 1048576K
}
Event: 3.482 GC heap before
{Heap before GC invocations=23 (full 2):
 PSYoungGen      total 22016K, used 21851K [0x00000000eab00000, 0x00000000ec300000, 0x0000000100000000)
  eden space 20992K, 99% used [0x00000000eab00000,0x00000000ebf70de0,0x00000000ebf80000)
  from space 1024K, 89% used [0x00000000ec200000,0x00000000ec2e5e30,0x00000000ec300000)
  to   space 1536K, 0% used [0x00000000ec000000,0x00000000ec000000,0x00000000ec180000)
 ParOldGen       total 68608K, used 30713K [0x00000000c0000000, 0x00000000c4300000, 0x00000000eab00000)
  object space 68608K, 44% used [0x00000000c0000000,0x00000000c1dfe6e0,0x00000000c4300000)
 Metaspace       used 47921K, committed 48640K, reserved 1114112K
  class space    used 4938K, committed 5312K, reserved 1048576K
}
Event: 3.483 GC heap after
{Heap after GC invocations=23 (full 2):
 PSYoungGen      total 22528K, used 1510K [0x00000000eab00000, 0x00000000ec780000, 0x0000000100000000)
  eden space 20992K, 0% used [0x00000000eab00000,0x00000000eab00000,0x00000000ebf80000)
  from space 1536K, 98% used [0x00000000ec000000,0x00000000ec1799b0,0x00000000ec180000)
  to   space 4096K, 0% used [0x00000000ec380000,0x00000000ec380000,0x00000000ec780000)
 ParOldGen       total 68608K, used 32435K [0x00000000c0000000, 0x00000000c4300000, 0x00000000eab00000)
  object space 68608K, 47% used [0x00000000c0000000,0x00000000c1facd38,0x00000000c4300000)
 Metaspace       used 47921K, committed 48640K, reserved 1114112K
  class space    used 4938K, committed 5312K, reserved 1048576K
}
Event: 3.525 GC heap before
{Heap before GC invocations=24 (full 2):
 PSYoungGen      total 22528K, used 22502K [0x00000000eab00000, 0x00000000ec780000, 0x0000000100000000)
  eden space 20992K, 100% used [0x00000000eab00000,0x00000000ebf80000,0x00000000ebf80000)
  from space 1536K, 98% used [0x00000000ec000000,0x00000000ec1799b0,0x00000000ec180000)
  to   space 4096K, 0% used [0x00000000ec380000,0x00000000ec380000,0x00000000ec780000)
 ParOldGen       total 68608K, used 32435K [0x00000000c0000000, 0x00000000c4300000, 0x00000000eab00000)
  object space 68608K, 47% used [0x00000000c0000000,0x00000000c1facd38,0x00000000c4300000)
 Metaspace       used 48105K, committed 48896K, reserved 1114112K
  class space    used 4948K, committed 5312K, reserved 1048576K
}
Event: 3.526 GC heap after
{Heap after GC invocations=24 (full 2):
 PSYoungGen      total 22016K, used 947K [0x00000000eab00000, 0x00000000ec480000, 0x0000000100000000)
  eden space 20992K, 0% used [0x00000000eab00000,0x00000000eab00000,0x00000000ebf80000)
  from space 1024K, 92% used [0x00000000ec380000,0x00000000ec46ce08,0x00000000ec480000)
  to   space 2048K, 0% used [0x00000000ec080000,0x00000000ec080000,0x00000000ec280000)
 ParOldGen       total 68608K, used 33456K [0x00000000c0000000, 0x00000000c4300000, 0x00000000eab00000)
  object space 68608K, 48% used [0x00000000c0000000,0x00000000c20ac3a0,0x00000000c4300000)
 Metaspace       used 48105K, committed 48896K, reserved 1114112K
  class space    used 4948K, committed 5312K, reserved 1048576K
}

