# JRE version: OpenJDK Runtime Environment Temurin-17.0.10+7 (17.0.10+7) (build 17.0.10+7)
# Java VM: OpenJDK 64-Bit Server VM Temurin-17.0.10+7 (17.0.10+7, mixed mode, tiered, compressed oops, compressed class ptrs, parallel gc, windows-amd64)
GC Precious Log:
 CPUs: 12 total, 12 available
 Memory: 16274M
 Large Page Support: Disabled
 NUMA Support: Disabled
 Compressed Oops: Enabled (32-bit)
 Alignments: Space 512K, Generation 512K, Heap 2M
 Heap Min Capacity: 100M
 Heap Initial Capacity: 100M
 Heap Max Capacity: 1G
 Pre-touch: Disabled
 Parallel Workers: 10
Heap:
 PSYoungGen      total 38400K, used 16467K [0x00000000eab00000, 0x00000000edd00000, 0x0000000100000000)
  eden space 27136K, 24% used [0x00000000eab00000,0x00000000eb184918,0x00000000ec580000)
  from space 11264K, 86% used [0x00000000ec580000,0x00000000ecf10588,0x00000000ed080000)
  to   space 10240K, 0% used [0x00000000ed080000,0x00000000ed080000,0x00000000eda80000)
 ParOldGen       total 279552K, used 263626K [0x00000000c0000000, 0x00000000d1100000, 0x00000000eab00000)
  object space 279552K, 94% used [0x00000000c0000000,0x00000000d01729c0,0x00000000d1100000)
 Metaspace       used 58230K, committed 59264K, reserved 1114112K
  class space    used 6345K, committed 6784K, reserved 1048576K
GC Heap History (20 events):
Event: 8.826 GC heap before
{Heap before GC invocations=156 (full 9):
 PSYoungGen      total 23552K, used 23189K [0x00000000eab00000, 0x00000000ec900000, 0x0000000100000000)
  eden space 17920K, 100% used [0x00000000eab00000,0x00000000ebc80000,0x00000000ebc80000)
  from space 5632K, 93% used [0x00000000ec380000,0x00000000ec8a5550,0x00000000ec900000)
  to   space 6144K, 0% used [0x00000000ebd00000,0x00000000ebd00000,0x00000000ec300000)
 ParOldGen       total 241152K, used 214561K [0x00000000c0000000, 0x00000000ceb80000, 0x00000000eab00000)
  object space 241152K, 88% used [0x00000000c0000000,0x00000000cd188770,0x00000000ceb80000)
 Metaspace       used 58200K, committed 59200K, reserved 1114112K
  class space    used 6342K, committed 6784K, reserved 1048576K
}
Event: 8.829 GC heap after
{Heap after GC invocations=156 (full 9):
 PSYoungGen      total 24576K, used 6123K [0x00000000eab00000, 0x00000000ed100000, 0x0000000100000000)
  eden space 18432K, 0% used [0x00000000eab00000,0x00000000eab00000,0x00000000ebd00000)
  from space 6144K, 99% used [0x00000000ebd00000,0x00000000ec2facf8,0x00000000ec300000)
  to   space 9728K, 0% used [0x00000000ec780000,0x00000000ec780000,0x00000000ed100000)
 ParOldGen       total 241152K, used 217301K [0x00000000c0000000, 0x00000000ceb80000, 0x00000000eab00000)
  object space 241152K, 90% used [0x00000000c0000000,0x00000000cd435578,0x00000000ceb80000)
 Metaspace       used 58200K, committed 59200K, reserved 1114112K
  class space    used 6342K, committed 6784K, reserved 1048576K
}
Event: 8.856 GC heap before
{Heap before GC invocations=157 (full 9):
 PSYoungGen      total 24576K, used 24555K [0x00000000eab00000, 0x00000000ed100000, 0x0000000100000000)
  eden space 18432K, 100% used [0x00000000eab00000,0x00000000ebd00000,0x00000000ebd00000)
  from space 6144K, 99% used [0x00000000ebd00000,0x00000000ec2facf8,0x00000000ec300000)
  to   space 9728K, 0% used [0x00000000ec780000,0x00000000ec780000,0x00000000ed100000)
 ParOldGen       total 241152K, used 217301K [0x00000000c0000000, 0x00000000ceb80000, 0x00000000eab00000)
  object space 241152K, 90% used [0x00000000c0000000,0x00000000cd435578,0x00000000ceb80000)
 Metaspace       used 58200K, committed 59200K, reserved 1114112K
  class space    used 6342K, committed 6784K, reserved 1048576K
}
Event: 8.860 GC heap after
{Heap after GC invocations=157 (full 9):
 PSYoungGen      total 27136K, used 6533K [0x00000000eab00000, 0x00000000ece00000, 0x0000000100000000)
  eden space 20480K, 0% used [0x00000000eab00000,0x00000000eab00000,0x00000000ebf00000)
  from space 6656K, 98% used [0x00000000ec780000,0x00000000ecde1648,0x00000000ece00000)
  to   space 7680K, 0% used [0x00000000ebf00000,0x00000000ebf00000,0x00000000ec680000)
 ParOldGen       total 241152K, used 221069K [0x00000000c0000000, 0x00000000ceb80000, 0x00000000eab00000)
  object space 241152K, 91% used [0x00000000c0000000,0x00000000cd7e3748,0x00000000ceb80000)
 Metaspace       used 58200K, committed 59200K, reserved 1114112K
  class space    used 6342K, committed 6784K, reserved 1048576K
}
Event: 8.892 GC heap before
{Heap before GC invocations=158 (full 9):
 PSYoungGen      total 27136K, used 27013K [0x00000000eab00000, 0x00000000ece00000, 0x0000000100000000)
  eden space 20480K, 100% used [0x00000000eab00000,0x00000000ebf00000,0x00000000ebf00000)
  from space 6656K, 98% used [0x00000000ec780000,0x00000000ecde1648,0x00000000ece00000)
  to   space 7680K, 0% used [0x00000000ebf00000,0x00000000ebf00000,0x00000000ec680000)
 ParOldGen       total 241152K, used 221069K [0x00000000c0000000, 0x00000000ceb80000, 0x00000000eab00000)
  object space 241152K, 91% used [0x00000000c0000000,0x00000000cd7e3748,0x00000000ceb80000)
 Metaspace       used 58200K, committed 59200K, reserved 1114112K
  class space    used 6342K, committed 6784K, reserved 1048576K
}
Event: 8.895 GC heap after
{Heap after GC invocations=158 (full 9):
 PSYoungGen      total 28160K, used 7672K [0x00000000eab00000, 0x00000000ed800000, 0x0000000100000000)
  eden space 20480K, 0% used [0x00000000eab00000,0x00000000eab00000,0x00000000ebf00000)
  from space 7680K, 99% used [0x00000000ebf00000,0x00000000ec67e268,0x00000000ec680000)
  to   space 11776K, 0% used [0x00000000ecc80000,0x00000000ecc80000,0x00000000ed800000)
 ParOldGen       total 241152K, used 224336K [0x00000000c0000000, 0x00000000ceb80000, 0x00000000eab00000)
  object space 241152K, 93% used [0x00000000c0000000,0x00000000cdb14200,0x00000000ceb80000)
 Metaspace       used 58200K, committed 59200K, reserved 1114112K
  class space    used 6342K, committed 6784K, reserved 1048576K
}
Event: 8.926 GC heap before
{Heap before GC invocations=159 (full 9):
 PSYoungGen      total 28160K, used 28152K [0x00000000eab00000, 0x00000000ed800000, 0x0000000100000000)
  eden space 20480K, 100% used [0x00000000eab00000,0x00000000ebf00000,0x00000000ebf00000)
  from space 7680K, 99% used [0x00000000ebf00000,0x00000000ec67e268,0x00000000ec680000)
  to   space 11776K, 0% used [0x00000000ecc80000,0x00000000ecc80000,0x00000000ed800000)
 ParOldGen       total 241152K, used 224336K [0x00000000c0000000, 0x00000000ceb80000, 0x00000000eab00000)
  object space 241152K, 93% used [0x00000000c0000000,0x00000000cdb14200,0x00000000ceb80000)
 Metaspace       used 58200K, committed 59200K, reserved 1114112K
  class space    used 6342K, committed 6784K, reserved 1048576K
}
Event: 8.929 GC heap after
{Heap after GC invocations=159 (full 9):
 PSYoungGen      total 30208K, used 7648K [0x00000000eab00000, 0x00000000ed400000, 0x0000000100000000)
  eden space 22528K, 0% used [0x00000000eab00000,0x00000000eab00000,0x00000000ec100000)
  from space 7680K, 99% used [0x00000000ecc80000,0x00000000ed3f81c8,0x00000000ed400000)
  to   space 9216K, 0% used [0x00000000ec200000,0x00000000ec200000,0x00000000ecb00000)
 ParOldGen       total 241152K, used 228917K [0x00000000c0000000, 0x00000000ceb80000, 0x00000000eab00000)
  object space 241152K, 94% used [0x00000000c0000000,0x00000000cdf8d498,0x00000000ceb80000)
 Metaspace       used 58200K, committed 59200K, reserved 1114112K
  class space    used 6342K, committed 6784K, reserved 1048576K
}
Event: 8.970 GC heap before
{Heap before GC invocations=160 (full 9):
 PSYoungGen      total 30208K, used 30176K [0x00000000eab00000, 0x00000000ed400000, 0x0000000100000000)
  eden space 22528K, 100% used [0x00000000eab00000,0x00000000ec100000,0x00000000ec100000)
  from space 7680K, 99% used [0x00000000ecc80000,0x00000000ed3f81c8,0x00000000ed400000)
  to   space 9216K, 0% used [0x00000000ec200000,0x00000000ec200000,0x00000000ecb00000)
 ParOldGen       total 241152K, used 228917K [0x00000000c0000000, 0x00000000ceb80000, 0x00000000eab00000)
  object space 241152K, 94% used [0x00000000c0000000,0x00000000cdf8d498,0x00000000ceb80000)
 Metaspace       used 58200K, committed 59200K, reserved 1114112K
  class space    used 6342K, committed 6784K, reserved 1048576K
}
Event: 8.974 GC heap after
{Heap after GC invocations=160 (full 9):
 PSYoungGen      total 32768K, used 9200K [0x00000000eab00000, 0x00000000ede00000, 0x0000000100000000)
  eden space 23552K, 0% used [0x00000000eab00000,0x00000000eab00000,0x00000000ec200000)
  from space 9216K, 99% used [0x00000000ec200000,0x00000000ecafc290,0x00000000ecb00000)
  to   space 13824K, 0% used [0x00000000ed080000,0x00000000ed080000,0x00000000ede00000)
 ParOldGen       total 241152K, used 232171K [0x00000000c0000000, 0x00000000ceb80000, 0x00000000eab00000)
  object space 241152K, 96% used [0x00000000c0000000,0x00000000ce2baff0,0x00000000ceb80000)
 Metaspace       used 58200K, committed 59200K, reserved 1114112K
  class space    used 6342K, committed 6784K, reserved 1048576K
}
Event: 9.002 GC heap before
{Heap before GC invocations=161 (full 9):
 PSYoungGen      total 32768K, used 32752K [0x00000000eab00000, 0x00000000ede00000, 0x0000000100000000)
  eden space 23552K, 100% used [0x00000000eab00000,0x00000000ec200000,0x00000000ec200000)
  from space 9216K, 99% used [0x00000000ec200000,0x00000000ecafc290,0x00000000ecb00000)
  to   space 13824K, 0% used [0x00000000ed080000,0x00000000ed080000,0x00000000ede00000)
 ParOldGen       total 241152K, used 232171K [0x00000000c0000000, 0x00000000ceb80000, 0x00000000eab00000)
  object space 241152K, 96% used [0x00000000c0000000,0x00000000ce2baff0,0x00000000ceb80000)
 Metaspace       used 58200K, committed 59200K, reserved 1114112K
  class space    used 6342K, committed 6784K, reserved 1048576K
}
Event: 9.006 GC heap after
{Heap after GC invocations=161 (full 9):
 PSYoungGen      total 36352K, used 9860K [0x00000000eab00000, 0x00000000eda80000, 0x0000000100000000)
  eden space 26112K, 0% used [0x00000000eab00000,0x00000000eab00000,0x00000000ec480000)
  from space 10240K, 96% used [0x00000000ed080000,0x00000000eda21358,0x00000000eda80000)
  to   space 11264K, 0% used [0x00000000ec480000,0x00000000ec480000,0x00000000ecf80000)
 ParOldGen       total 241152K, used 237850K [0x00000000c0000000, 0x00000000ceb80000, 0x00000000eab00000)
  object space 241152K, 98% used [0x00000000c0000000,0x00000000ce846b58,0x00000000ceb80000)
 Metaspace       used 58200K, committed 59200K, reserved 1114112K
  class space    used 6342K, committed 6784K, reserved 1048576K
}
Event: 9.006 GC heap before
{Heap before GC invocations=162 (full 10):
 PSYoungGen      total 36352K, used 9860K [0x00000000eab00000, 0x00000000eda80000, 0x0000000100000000)
  eden space 26112K, 0% used [0x00000000eab00000,0x00000000eab00000,0x00000000ec480000)
  from space 10240K, 96% used [0x00000000ed080000,0x00000000eda21358,0x00000000eda80000)
  to   space 11264K, 0% used [0x00000000ec480000,0x00000000ec480000,0x00000000ecf80000)
 ParOldGen       total 241152K, used 237850K [0x00000000c0000000, 0x00000000ceb80000, 0x00000000eab00000)
  object space 241152K, 98% used [0x00000000c0000000,0x00000000ce846b58,0x00000000ceb80000)
 Metaspace       used 58200K, committed 59200K, reserved 1114112K
  class space    used 6342K, committed 6784K, reserved 1048576K
}
Event: 9.101 GC heap after
{Heap after GC invocations=162 (full 10):
 PSYoungGen      total 37376K, used 4970K [0x00000000eab00000, 0x00000000edd00000, 0x0000000100000000)
  eden space 27136K, 0% used [0x00000000eab00000,0x00000000eab00000,0x00000000ec580000)
  from space 10240K, 48% used [0x00000000ed080000,0x00000000ed55aa48,0x00000000eda80000)
  to   space 11264K, 0% used [0x00000000ec580000,0x00000000ec580000,0x00000000ed080000)
 ParOldGen       total 279552K, used 240912K [0x00000000c0000000, 0x00000000d1100000, 0x00000000eab00000)
  object space 279552K, 86% used [0x00000000c0000000,0x00000000ceb442e0,0x00000000d1100000)
 Metaspace       used 58200K, committed 59200K, reserved 1114112K
  class space    used 6342K, committed 6784K, reserved 1048576K
}
Event: 9.135 GC heap before
{Heap before GC invocations=163 (full 10):
 PSYoungGen      total 37376K, used 32106K [0x00000000eab00000, 0x00000000edd00000, 0x0000000100000000)
  eden space 27136K, 100% used [0x00000000eab00000,0x00000000ec580000,0x00000000ec580000)
  from space 10240K, 48% used [0x00000000ed080000,0x00000000ed55aa48,0x00000000eda80000)
  to   space 11264K, 0% used [0x00000000ec580000,0x00000000ec580000,0x00000000ed080000)
 ParOldGen       total 279552K, used 240912K [0x00000000c0000000, 0x00000000d1100000, 0x00000000eab00000)
  object space 279552K, 86% used [0x00000000c0000000,0x00000000ceb442e0,0x00000000d1100000)
 Metaspace       used 58200K, committed 59200K, reserved 1114112K
  class space    used 6342K, committed 6784K, reserved 1048576K
}
Event: 9.145 GC heap after
{Heap after GC invocations=163 (full 10):
 PSYoungGen      total 38400K, used 11259K [0x00000000eab00000, 0x00000000edd00000, 0x0000000100000000)
  eden space 27136K, 0% used [0x00000000eab00000,0x00000000eab00000,0x00000000ec580000)
  from space 11264K, 99% used [0x00000000ec580000,0x00000000ed07ec98,0x00000000ed080000)
  to   space 10240K, 0% used [0x00000000ed080000,0x00000000ed080000,0x00000000eda80000)
 ParOldGen       total 279552K, used 242561K [0x00000000c0000000, 0x00000000d1100000, 0x00000000eab00000)
  object space 279552K, 86% used [0x00000000c0000000,0x00000000cece0570,0x00000000d1100000)
 Metaspace       used 58200K, committed 59200K, reserved 1114112K
  class space    used 6342K, committed 6784K, reserved 1048576K
}
Event: 9.176 GC heap before
{Heap before GC invocations=164 (full 10):
 PSYoungGen      total 38400K, used 38395K [0x00000000eab00000, 0x00000000edd00000, 0x0000000100000000)
  eden space 27136K, 100% used [0x00000000eab00000,0x00000000ec580000,0x00000000ec580000)
  from space 11264K, 99% used [0x00000000ec580000,0x00000000ed07ec98,0x00000000ed080000)
  to   space 10240K, 0% used [0x00000000ed080000,0x00000000ed080000,0x00000000eda80000)
 ParOldGen       total 279552K, used 242561K [0x00000000c0000000, 0x00000000d1100000, 0x00000000eab00000)
  object space 279552K, 86% used [0x00000000c0000000,0x00000000cece0570,0x00000000d1100000)
 Metaspace       used 58201K, committed 59200K, reserved 1114112K
  class space    used 6342K, committed 6784K, reserved 1048576K
}
Event: 9.180 GC heap after
{Heap after GC invocations=164 (full 10):
 PSYoungGen      total 37376K, used 10231K [0x00000000eab00000, 0x00000000edd00000, 0x0000000100000000)
  eden space 27136K, 0% used [0x00000000eab00000,0x00000000eab00000,0x00000000ec580000)
  from space 10240K, 99% used [0x00000000ed080000,0x00000000eda7dff0,0x00000000eda80000)
  to   space 11264K, 0% used [0x00000000ec580000,0x00000000ec580000,0x00000000ed080000)
 ParOldGen       total 279552K, used 253570K [0x00000000c0000000, 0x00000000d1100000, 0x00000000eab00000)
  object space 279552K, 90% used [0x00000000c0000000,0x00000000cf7a0838,0x00000000d1100000)
 Metaspace       used 58201K, committed 59200K, reserved 1114112K
  class space    used 6342K, committed 6784K, reserved 1048576K
}
Event: 9.239 GC heap before
{Heap before GC invocations=165 (full 10):
 PSYoungGen      total 37376K, used 37367K [0x00000000eab00000, 0x00000000edd00000, 0x0000000100000000)
  eden space 27136K, 100% used [0x00000000eab00000,0x00000000ec580000,0x00000000ec580000)
  from space 10240K, 99% used [0x00000000ed080000,0x00000000eda7dff0,0x00000000eda80000)
  to   space 11264K, 0% used [0x00000000ec580000,0x00000000ec580000,0x00000000ed080000)
 ParOldGen       total 279552K, used 253570K [0x00000000c0000000, 0x00000000d1100000, 0x00000000eab00000)
  object space 279552K, 90% used [0x00000000c0000000,0x00000000cf7a0838,0x00000000d1100000)
 Metaspace       used 58225K, committed 59264K, reserved 1114112K
  class space    used 6345K, committed 6784K, reserved 1048576K
}
Event: 9.244 GC heap after
{Heap after GC invocations=165 (full 10):
 PSYoungGen      total 38400K, used 9793K [0x00000000eab00000, 0x00000000edd00000, 0x0000000100000000)
  eden space 27136K, 0% used [0x00000000eab00000,0x00000000eab00000,0x00000000ec580000)
  from space 11264K, 86% used [0x00000000ec580000,0x00000000ecf10588,0x00000000ed080000)
  to   space 10240K, 0% used [0x00000000ed080000,0x00000000ed080000,0x00000000eda80000)
 ParOldGen       total 279552K, used 263626K [0x00000000c0000000, 0x00000000d1100000, 0x00000000eab00000)
  object space 279552K, 94% used [0x00000000c0000000,0x00000000d01729c0,0x00000000d1100000)
 Metaspace       used 58225K, committed 59264K, reserved 1114112K
  class space    used 6345K, committed 6784K, reserved 1048576K
}

