# JRE version: OpenJDK Runtime Environment Temurin-17.0.10+7 (17.0.10+7) (build 17.0.10+7)
# Java VM: OpenJDK 64-Bit Server VM Temurin-17.0.10+7 (17.0.10+7, mixed mode, tiered, compressed oops, compressed class ptrs, parallel gc, windows-amd64)
GC Precious Log:
 CPUs: 12 total, 12 available
 Memory: 16274M
 Large Page Support: Disabled
 NUMA Support: Disabled
 Compressed Oops: Enabled (32-bit)
 Alignments: Space 512K, Generation 512K, Heap 2M
 Heap Min Capacity: 100M
 Heap Initial Capacity: 100M
 Heap Max Capacity: 1G
 Pre-touch: Disabled
 Parallel Workers: 10
Heap:
 PSYoungGen      total 11776K, used 4868K [0x00000000eab00000, 0x00000000ebb00000, 0x0000000100000000)
  eden space 8192K, 15% used [0x00000000eab00000,0x00000000eac44918,0x00000000eb300000)
  from space 3584K, 99% used [0x00000000eb780000,0x00000000ebafc740,0x00000000ebb00000)
  to   space 4096K, 0% used [0x00000000eb300000,0x00000000eb300000,0x00000000eb700000)
 ParOldGen       total 284160K, used 277465K [0x00000000c0000000, 0x00000000d1580000, 0x00000000eab00000)
  object space 284160K, 97% used [0x00000000c0000000,0x00000000d0ef6590,0x00000000d1580000)
 Metaspace       used 77844K, committed 79040K, reserved 1179648K
  class space    used 8401K, committed 8896K, reserved 1048576K
GC Heap History (20 events):
Event: 157.792 GC heap before
{Heap before GC invocations=308 (full 13):
 PSYoungGen      total 11776K, used 9199K [0x00000000eab00000, 0x00000000eba80000, 0x0000000100000000)
  eden space 8192K, 99% used [0x00000000eab00000,0x00000000eb2fffd8,0x00000000eb300000)
  from space 3584K, 28% used [0x00000000eb500000,0x00000000eb5fc010,0x00000000eb880000)
  to   space 2048K, 0% used [0x00000000eb880000,0x00000000eb880000,0x00000000eba80000)
 ParOldGen       total 284160K, used 262684K [0x00000000c0000000, 0x00000000d1580000, 0x00000000eab00000)
  object space 284160K, 92% used [0x00000000c0000000,0x00000000d0087348,0x00000000d1580000)
 Metaspace       used 75585K, committed 76864K, reserved 1179648K
  class space    used 8128K, committed 8640K, reserved 1048576K
}
Event: 157.793 GC heap after
{Heap after GC invocations=308 (full 13):
 PSYoungGen      total 9216K, used 698K [0x00000000eab00000, 0x00000000eb980000, 0x0000000100000000)
  eden space 8192K, 0% used [0x00000000eab00000,0x00000000eab00000,0x00000000eb300000)
  from space 1024K, 68% used [0x00000000eb880000,0x00000000eb92e900,0x00000000eb980000)
  to   space 1024K, 0% used [0x00000000eb780000,0x00000000eb780000,0x00000000eb880000)
 ParOldGen       total 284160K, used 262957K [0x00000000c0000000, 0x00000000d1580000, 0x00000000eab00000)
  object space 284160K, 92% used [0x00000000c0000000,0x00000000d00cb548,0x00000000d1580000)
 Metaspace       used 75585K, committed 76864K, reserved 1179648K
  class space    used 8128K, committed 8640K, reserved 1048576K
}
Event: 182.729 GC heap before
{Heap before GC invocations=309 (full 13):
 PSYoungGen      total 9216K, used 8890K [0x00000000eab00000, 0x00000000eb980000, 0x0000000100000000)
  eden space 8192K, 100% used [0x00000000eab00000,0x00000000eb300000,0x00000000eb300000)
  from space 1024K, 68% used [0x00000000eb880000,0x00000000eb92e900,0x00000000eb980000)
  to   space 1024K, 0% used [0x00000000eb780000,0x00000000eb780000,0x00000000eb880000)
 ParOldGen       total 284160K, used 262957K [0x00000000c0000000, 0x00000000d1580000, 0x00000000eab00000)
  object space 284160K, 92% used [0x00000000c0000000,0x00000000d00cb548,0x00000000d1580000)
 Metaspace       used 75591K, committed 76864K, reserved 1179648K
  class space    used 8128K, committed 8640K, reserved 1048576K
}
Event: 182.731 GC heap after
{Heap after GC invocations=309 (full 13):
 PSYoungGen      total 9216K, used 1022K [0x00000000eab00000, 0x00000000ec200000, 0x0000000100000000)
  eden space 8192K, 0% used [0x00000000eab00000,0x00000000eab00000,0x00000000eb300000)
  from space 1024K, 99% used [0x00000000eb780000,0x00000000eb87f930,0x00000000eb880000)
  to   space 7680K, 0% used [0x00000000eba80000,0x00000000eba80000,0x00000000ec200000)
 ParOldGen       total 284160K, used 268277K [0x00000000c0000000, 0x00000000d1580000, 0x00000000eab00000)
  object space 284160K, 94% used [0x00000000c0000000,0x00000000d05fd548,0x00000000d1580000)
 Metaspace       used 75591K, committed 76864K, reserved 1179648K
  class space    used 8128K, committed 8640K, reserved 1048576K
}
Event: 182.758 GC heap before
{Heap before GC invocations=310 (full 13):
 PSYoungGen      total 9216K, used 9214K [0x00000000eab00000, 0x00000000ec200000, 0x0000000100000000)
  eden space 8192K, 100% used [0x00000000eab00000,0x00000000eb300000,0x00000000eb300000)
  from space 1024K, 99% used [0x00000000eb780000,0x00000000eb87f930,0x00000000eb880000)
  to   space 7680K, 0% used [0x00000000eba80000,0x00000000eba80000,0x00000000ec200000)
 ParOldGen       total 284160K, used 268277K [0x00000000c0000000, 0x00000000d1580000, 0x00000000eab00000)
  object space 284160K, 94% used [0x00000000c0000000,0x00000000d05fd548,0x00000000d1580000)
 Metaspace       used 75604K, committed 76864K, reserved 1179648K
  class space    used 8129K, committed 8640K, reserved 1048576K
}
Event: 182.759 GC heap after
{Heap after GC invocations=310 (full 13):
 PSYoungGen      total 10752K, used 2462K [0x00000000eab00000, 0x00000000ebd00000, 0x0000000100000000)
  eden space 8192K, 0% used [0x00000000eab00000,0x00000000eab00000,0x00000000eb300000)
  from space 2560K, 96% used [0x00000000eba80000,0x00000000ebce7b90,0x00000000ebd00000)
  to   space 4096K, 0% used [0x00000000eb500000,0x00000000eb500000,0x00000000eb900000)
 ParOldGen       total 284160K, used 268365K [0x00000000c0000000, 0x00000000d1580000, 0x00000000eab00000)
  object space 284160K, 94% used [0x00000000c0000000,0x00000000d0613548,0x00000000d1580000)
 Metaspace       used 75604K, committed 76864K, reserved 1179648K
  class space    used 8129K, committed 8640K, reserved 1048576K
}
Event: 183.047 GC heap before
{Heap before GC invocations=311 (full 13):
 PSYoungGen      total 10752K, used 10654K [0x00000000eab00000, 0x00000000ebd00000, 0x0000000100000000)
  eden space 8192K, 100% used [0x00000000eab00000,0x00000000eb300000,0x00000000eb300000)
  from space 2560K, 96% used [0x00000000eba80000,0x00000000ebce7b90,0x00000000ebd00000)
  to   space 4096K, 0% used [0x00000000eb500000,0x00000000eb500000,0x00000000eb900000)
 ParOldGen       total 284160K, used 268365K [0x00000000c0000000, 0x00000000d1580000, 0x00000000eab00000)
  object space 284160K, 94% used [0x00000000c0000000,0x00000000d0613548,0x00000000d1580000)
 Metaspace       used 75722K, committed 76992K, reserved 1179648K
  class space    used 8145K, committed 8640K, reserved 1048576K
}
Event: 183.049 GC heap after
{Heap after GC invocations=311 (full 13):
 PSYoungGen      total 12288K, used 4094K [0x00000000eab00000, 0x00000000ebe00000, 0x0000000100000000)
  eden space 8192K, 0% used [0x00000000eab00000,0x00000000eab00000,0x00000000eb300000)
  from space 4096K, 99% used [0x00000000eb500000,0x00000000eb8ffb80,0x00000000eb900000)
  to   space 5120K, 0% used [0x00000000eb900000,0x00000000eb900000,0x00000000ebe00000)
 ParOldGen       total 284160K, used 269317K [0x00000000c0000000, 0x00000000d1580000, 0x00000000eab00000)
  object space 284160K, 94% used [0x00000000c0000000,0x00000000d0701548,0x00000000d1580000)
 Metaspace       used 75722K, committed 76992K, reserved 1179648K
  class space    used 8145K, committed 8640K, reserved 1048576K
}
Event: 184.854 GC heap before
{Heap before GC invocations=312 (full 13):
 PSYoungGen      total 12288K, used 12286K [0x00000000eab00000, 0x00000000ebe00000, 0x0000000100000000)
  eden space 8192K, 100% used [0x00000000eab00000,0x00000000eb300000,0x00000000eb300000)
  from space 4096K, 99% used [0x00000000eb500000,0x00000000eb8ffb80,0x00000000eb900000)
  to   space 5120K, 0% used [0x00000000eb900000,0x00000000eb900000,0x00000000ebe00000)
 ParOldGen       total 284160K, used 269317K [0x00000000c0000000, 0x00000000d1580000, 0x00000000eab00000)
  object space 284160K, 94% used [0x00000000c0000000,0x00000000d0701548,0x00000000d1580000)
 Metaspace       used 75874K, committed 77056K, reserved 1179648K
  class space    used 8153K, committed 8640K, reserved 1048576K
}
Event: 184.855 GC heap after
{Heap after GC invocations=312 (full 13):
 PSYoungGen      total 8704K, used 490K [0x00000000eab00000, 0x00000000eb980000, 0x0000000100000000)
  eden space 8192K, 0% used [0x00000000eab00000,0x00000000eab00000,0x00000000eb300000)
  from space 512K, 95% used [0x00000000eb900000,0x00000000eb97a930,0x00000000eb980000)
  to   space 2560K, 0% used [0x00000000eb480000,0x00000000eb480000,0x00000000eb700000)
 ParOldGen       total 284160K, used 272975K [0x00000000c0000000, 0x00000000d1580000, 0x00000000eab00000)
  object space 284160K, 96% used [0x00000000c0000000,0x00000000d0a93ea8,0x00000000d1580000)
 Metaspace       used 75874K, committed 77056K, reserved 1179648K
  class space    used 8153K, committed 8640K, reserved 1048576K
}
Event: 186.451 GC heap before
{Heap before GC invocations=313 (full 13):
 PSYoungGen      total 8704K, used 8682K [0x00000000eab00000, 0x00000000eb980000, 0x0000000100000000)
  eden space 8192K, 100% used [0x00000000eab00000,0x00000000eb300000,0x00000000eb300000)
  from space 512K, 95% used [0x00000000eb900000,0x00000000eb97a930,0x00000000eb980000)
  to   space 2560K, 0% used [0x00000000eb480000,0x00000000eb480000,0x00000000eb700000)
 ParOldGen       total 284160K, used 272975K [0x00000000c0000000, 0x00000000d1580000, 0x00000000eab00000)
  object space 284160K, 96% used [0x00000000c0000000,0x00000000d0a93ea8,0x00000000d1580000)
 Metaspace       used 75908K, committed 77120K, reserved 1179648K
  class space    used 8153K, committed 8640K, reserved 1048576K
}
Event: 186.452 GC heap after
{Heap after GC invocations=313 (full 13):
 PSYoungGen      total 10752K, used 506K [0x00000000eab00000, 0x00000000eb980000, 0x0000000100000000)
  eden space 8192K, 0% used [0x00000000eab00000,0x00000000eab00000,0x00000000eb300000)
  from space 2560K, 19% used [0x00000000eb480000,0x00000000eb4fe920,0x00000000eb700000)
  to   space 1024K, 0% used [0x00000000eb880000,0x00000000eb880000,0x00000000eb980000)
 ParOldGen       total 284160K, used 272975K [0x00000000c0000000, 0x00000000d1580000, 0x00000000eab00000)
  object space 284160K, 96% used [0x00000000c0000000,0x00000000d0a93ea8,0x00000000d1580000)
 Metaspace       used 75908K, committed 77120K, reserved 1179648K
  class space    used 8153K, committed 8640K, reserved 1048576K
}
Event: 187.099 GC heap before
{Heap before GC invocations=314 (full 13):
 PSYoungGen      total 10752K, used 8698K [0x00000000eab00000, 0x00000000eb980000, 0x0000000100000000)
  eden space 8192K, 100% used [0x00000000eab00000,0x00000000eb300000,0x00000000eb300000)
  from space 2560K, 19% used [0x00000000eb480000,0x00000000eb4fe920,0x00000000eb700000)
  to   space 1024K, 0% used [0x00000000eb880000,0x00000000eb880000,0x00000000eb980000)
 ParOldGen       total 284160K, used 272975K [0x00000000c0000000, 0x00000000d1580000, 0x00000000eab00000)
  object space 284160K, 96% used [0x00000000c0000000,0x00000000d0a93ea8,0x00000000d1580000)
 Metaspace       used 76022K, committed 77312K, reserved 1179648K
  class space    used 8174K, committed 8704K, reserved 1048576K
}
Event: 187.100 GC heap after
{Heap after GC invocations=314 (full 13):
 PSYoungGen      total 8704K, used 378K [0x00000000eab00000, 0x00000000eb900000, 0x0000000100000000)
  eden space 8192K, 0% used [0x00000000eab00000,0x00000000eab00000,0x00000000eb300000)
  from space 512K, 73% used [0x00000000eb880000,0x00000000eb8de900,0x00000000eb900000)
  to   space 512K, 0% used [0x00000000eb800000,0x00000000eb800000,0x00000000eb880000)
 ParOldGen       total 284160K, used 272975K [0x00000000c0000000, 0x00000000d1580000, 0x00000000eab00000)
  object space 284160K, 96% used [0x00000000c0000000,0x00000000d0a93ea8,0x00000000d1580000)
 Metaspace       used 76022K, committed 77312K, reserved 1179648K
  class space    used 8174K, committed 8704K, reserved 1048576K
}
Event: 187.136 GC heap before
{Heap before GC invocations=315 (full 13):
 PSYoungGen      total 8704K, used 8570K [0x00000000eab00000, 0x00000000eb900000, 0x0000000100000000)
  eden space 8192K, 100% used [0x00000000eab00000,0x00000000eb300000,0x00000000eb300000)
  from space 512K, 73% used [0x00000000eb880000,0x00000000eb8de900,0x00000000eb900000)
  to   space 512K, 0% used [0x00000000eb800000,0x00000000eb800000,0x00000000eb880000)
 ParOldGen       total 284160K, used 272975K [0x00000000c0000000, 0x00000000d1580000, 0x00000000eab00000)
  object space 284160K, 96% used [0x00000000c0000000,0x00000000d0a93ea8,0x00000000d1580000)
 Metaspace       used 76465K, committed 77696K, reserved 1179648K
  class space    used 8239K, committed 8768K, reserved 1048576K
}
Event: 187.138 GC heap after
{Heap after GC invocations=315 (full 13):
 PSYoungGen      total 8704K, used 512K [0x00000000eab00000, 0x00000000ebd00000, 0x0000000100000000)
  eden space 8192K, 0% used [0x00000000eab00000,0x00000000eab00000,0x00000000eb300000)
  from space 512K, 100% used [0x00000000eb800000,0x00000000eb880000,0x00000000eb880000)
  to   space 4608K, 0% used [0x00000000eb880000,0x00000000eb880000,0x00000000ebd00000)
 ParOldGen       total 284160K, used 276637K [0x00000000c0000000, 0x00000000d1580000, 0x00000000eab00000)
  object space 284160K, 97% used [0x00000000c0000000,0x00000000d0e276f8,0x00000000d1580000)
 Metaspace       used 76465K, committed 77696K, reserved 1179648K
  class space    used 8239K, committed 8768K, reserved 1048576K
}
Event: 187.183 GC heap before
{Heap before GC invocations=316 (full 13):
 PSYoungGen      total 8704K, used 8704K [0x00000000eab00000, 0x00000000ebd00000, 0x0000000100000000)
  eden space 8192K, 100% used [0x00000000eab00000,0x00000000eb300000,0x00000000eb300000)
  from space 512K, 100% used [0x00000000eb800000,0x00000000eb880000,0x00000000eb880000)
  to   space 4608K, 0% used [0x00000000eb880000,0x00000000eb880000,0x00000000ebd00000)
 ParOldGen       total 284160K, used 276637K [0x00000000c0000000, 0x00000000d1580000, 0x00000000eab00000)
  object space 284160K, 97% used [0x00000000c0000000,0x00000000d0e276f8,0x00000000d1580000)
 Metaspace       used 76761K, committed 78016K, reserved 1179648K
  class space    used 8284K, committed 8768K, reserved 1048576K
}
Event: 187.184 GC heap after
{Heap after GC invocations=316 (full 13):
 PSYoungGen      total 10752K, used 2506K [0x00000000eab00000, 0x00000000ebb00000, 0x0000000100000000)
  eden space 8192K, 0% used [0x00000000eab00000,0x00000000eab00000,0x00000000eb300000)
  from space 2560K, 97% used [0x00000000eb880000,0x00000000ebaf2910,0x00000000ebb00000)
  to   space 3584K, 0% used [0x00000000eb400000,0x00000000eb400000,0x00000000eb780000)
 ParOldGen       total 284160K, used 276685K [0x00000000c0000000, 0x00000000d1580000, 0x00000000eab00000)
  object space 284160K, 97% used [0x00000000c0000000,0x00000000d0e336f8,0x00000000d1580000)
 Metaspace       used 76761K, committed 78016K, reserved 1179648K
  class space    used 8284K, committed 8768K, reserved 1048576K
}
Event: 187.235 GC heap before
{Heap before GC invocations=317 (full 13):
 PSYoungGen      total 10752K, used 10493K [0x00000000eab00000, 0x00000000ebb00000, 0x0000000100000000)
  eden space 8192K, 97% used [0x00000000eab00000,0x00000000eb2ccd10,0x00000000eb300000)
  from space 2560K, 97% used [0x00000000eb880000,0x00000000ebaf2910,0x00000000ebb00000)
  to   space 3584K, 0% used [0x00000000eb400000,0x00000000eb400000,0x00000000eb780000)
 ParOldGen       total 284160K, used 276685K [0x00000000c0000000, 0x00000000d1580000, 0x00000000eab00000)
  object space 284160K, 97% used [0x00000000c0000000,0x00000000d0e336f8,0x00000000d1580000)
 Metaspace       used 77286K, committed 78528K, reserved 1179648K
  class space    used 8344K, committed 8896K, reserved 1048576K
}
Event: 187.236 GC heap after
{Heap after GC invocations=317 (full 13):
 PSYoungGen      total 11776K, used 3572K [0x00000000eab00000, 0x00000000ebb00000, 0x0000000100000000)
  eden space 8192K, 0% used [0x00000000eab00000,0x00000000eab00000,0x00000000eb300000)
  from space 3584K, 99% used [0x00000000eb400000,0x00000000eb77d210,0x00000000eb780000)
  to   space 3584K, 0% used [0x00000000eb780000,0x00000000eb780000,0x00000000ebb00000)
 ParOldGen       total 284160K, used 276957K [0x00000000c0000000, 0x00000000d1580000, 0x00000000eab00000)
  object space 284160K, 97% used [0x00000000c0000000,0x00000000d0e776f8,0x00000000d1580000)
 Metaspace       used 77286K, committed 78528K, reserved 1179648K
  class space    used 8344K, committed 8896K, reserved 1048576K
}

