# JRE version: OpenJDK Runtime Environment Temurin-17.0.10+7 (17.0.10+7) (build 17.0.10+7)
# Java VM: OpenJDK 64-Bit Server VM Temurin-17.0.10+7 (17.0.10+7, mixed mode, tiered, compressed oops, compressed class ptrs, parallel gc, windows-amd64)
GC Precious Log:
 CPUs: 12 total, 12 available
 Memory: 16274M
 Large Page Support: Disabled
 NUMA Support: Disabled
 Compressed Oops: Enabled (32-bit)
 Alignments: Space 512K, Generation 512K, Heap 2M
 Heap Min Capacity: 100M
 Heap Initial Capacity: 100M
 Heap Max Capacity: 1G
 Pre-touch: Disabled
 Parallel Workers: 10
Heap:
 PSYoungGen      total 99840K, used 12788K [0x00000000eab00000, 0x00000000f2780000, 0x0000000100000000)
  eden space 76800K, 16% used [0x00000000eab00000,0x00000000eb77d038,0x00000000ef600000)
  from space 23040K, 0% used [0x00000000ef600000,0x00000000ef600000,0x00000000f0c80000)
  to   space 23040K, 0% used [0x00000000f1100000,0x00000000f1100000,0x00000000f2780000)
 ParOldGen       total 329216K, used 218553K [0x00000000c0000000, 0x00000000d4180000, 0x00000000eab00000)
  object space 329216K, 66% used [0x00000000c0000000,0x00000000cd56e530,0x00000000d4180000)
 Metaspace       used 68532K, committed 69696K, reserved 1114112K
  class space    used 7234K, committed 7680K, reserved 1048576K
GC Heap History (20 events):
Event: 7.714 GC heap before
{Heap before GC invocations=86 (full 8):
 PSYoungGen      total 57344K, used 9727K [0x00000000eab00000, 0x00000000efe00000, 0x0000000100000000)
  eden space 47616K, 0% used [0x00000000eab00000,0x00000000eab00000,0x00000000ed980000)
  from space 9728K, 99% used [0x00000000eeb80000,0x00000000ef4ffd50,0x00000000ef500000)
  to   space 18432K, 0% used [0x00000000ed980000,0x00000000ed980000,0x00000000eeb80000)
 ParOldGen       total 247808K, used 242929K [0x00000000c0000000, 0x00000000cf200000, 0x00000000eab00000)
  object space 247808K, 98% used [0x00000000c0000000,0x00000000ced3c7a8,0x00000000cf200000)
 Metaspace       used 65080K, committed 66240K, reserved 1114112K
  class space    used 6914K, committed 7360K, reserved 1048576K
}
Event: 7.788 GC heap after
{Heap after GC invocations=86 (full 8):
 PSYoungGen      total 66048K, used 0K [0x00000000eab00000, 0x00000000f0180000, 0x0000000100000000)
  eden space 47616K, 0% used [0x00000000eab00000,0x00000000eab00000,0x00000000ed980000)
  from space 18432K, 0% used [0x00000000ed980000,0x00000000ed980000,0x00000000eeb80000)
  to   space 18432K, 0% used [0x00000000eef80000,0x00000000eef80000,0x00000000f0180000)
 ParOldGen       total 309760K, used 237328K [0x00000000c0000000, 0x00000000d2e80000, 0x00000000eab00000)
  object space 309760K, 76% used [0x00000000c0000000,0x00000000ce7c4050,0x00000000d2e80000)
 Metaspace       used 65080K, committed 66240K, reserved 1114112K
  class space    used 6914K, committed 7360K, reserved 1048576K
}
Event: 7.859 GC heap before
{Heap before GC invocations=87 (full 8):
 PSYoungGen      total 66048K, used 47616K [0x00000000eab00000, 0x00000000f0180000, 0x0000000100000000)
  eden space 47616K, 100% used [0x00000000eab00000,0x00000000ed980000,0x00000000ed980000)
  from space 18432K, 0% used [0x00000000ed980000,0x00000000ed980000,0x00000000eeb80000)
  to   space 18432K, 0% used [0x00000000eef80000,0x00000000eef80000,0x00000000f0180000)
 ParOldGen       total 309760K, used 237328K [0x00000000c0000000, 0x00000000d2e80000, 0x00000000eab00000)
  object space 309760K, 76% used [0x00000000c0000000,0x00000000ce7c4050,0x00000000d2e80000)
 Metaspace       used 65363K, committed 66496K, reserved 1114112K
  class space    used 6942K, committed 7360K, reserved 1048576K
}
Event: 7.862 GC heap after
{Heap after GC invocations=87 (full 8):
 PSYoungGen      total 60928K, used 9335K [0x00000000eab00000, 0x00000000ef900000, 0x0000000100000000)
  eden space 51200K, 0% used [0x00000000eab00000,0x00000000eab00000,0x00000000edd00000)
  from space 9728K, 95% used [0x00000000eef80000,0x00000000ef89de30,0x00000000ef900000)
  to   space 12288K, 0% used [0x00000000ee100000,0x00000000ee100000,0x00000000eed00000)
 ParOldGen       total 309760K, used 237336K [0x00000000c0000000, 0x00000000d2e80000, 0x00000000eab00000)
  object space 309760K, 76% used [0x00000000c0000000,0x00000000ce7c6050,0x00000000d2e80000)
 Metaspace       used 65363K, committed 66496K, reserved 1114112K
  class space    used 6942K, committed 7360K, reserved 1048576K
}
Event: 7.939 GC heap before
{Heap before GC invocations=88 (full 8):
 PSYoungGen      total 60928K, used 60535K [0x00000000eab00000, 0x00000000ef900000, 0x0000000100000000)
  eden space 51200K, 100% used [0x00000000eab00000,0x00000000edd00000,0x00000000edd00000)
  from space 9728K, 95% used [0x00000000eef80000,0x00000000ef89de30,0x00000000ef900000)
  to   space 12288K, 0% used [0x00000000ee100000,0x00000000ee100000,0x00000000eed00000)
 ParOldGen       total 309760K, used 237336K [0x00000000c0000000, 0x00000000d2e80000, 0x00000000eab00000)
  object space 309760K, 76% used [0x00000000c0000000,0x00000000ce7c6050,0x00000000d2e80000)
 Metaspace       used 66141K, committed 67264K, reserved 1114112K
  class space    used 7027K, committed 7488K, reserved 1048576K
}
Event: 7.945 GC heap after
{Heap after GC invocations=88 (full 8):
 PSYoungGen      total 67072K, used 12262K [0x00000000eab00000, 0x00000000f0880000, 0x0000000100000000)
  eden space 54784K, 0% used [0x00000000eab00000,0x00000000eab00000,0x00000000ee080000)
  from space 12288K, 99% used [0x00000000ee100000,0x00000000eecf9958,0x00000000eed00000)
  to   space 20480K, 0% used [0x00000000ef480000,0x00000000ef480000,0x00000000f0880000)
 ParOldGen       total 309760K, used 243752K [0x00000000c0000000, 0x00000000d2e80000, 0x00000000eab00000)
  object space 309760K, 78% used [0x00000000c0000000,0x00000000cee0a3c0,0x00000000d2e80000)
 Metaspace       used 66141K, committed 67264K, reserved 1114112K
  class space    used 7027K, committed 7488K, reserved 1048576K
}
Event: 8.003 GC heap before
{Heap before GC invocations=89 (full 8):
 PSYoungGen      total 67072K, used 66885K [0x00000000eab00000, 0x00000000f0880000, 0x0000000100000000)
  eden space 54784K, 99% used [0x00000000eab00000,0x00000000ee057c10,0x00000000ee080000)
  from space 12288K, 99% used [0x00000000ee100000,0x00000000eecf9958,0x00000000eed00000)
  to   space 20480K, 0% used [0x00000000ef480000,0x00000000ef480000,0x00000000f0880000)
 ParOldGen       total 309760K, used 243752K [0x00000000c0000000, 0x00000000d2e80000, 0x00000000eab00000)
  object space 309760K, 78% used [0x00000000c0000000,0x00000000cee0a3c0,0x00000000d2e80000)
 Metaspace       used 67155K, committed 68288K, reserved 1114112K
  class space    used 7115K, committed 7552K, reserved 1048576K
}
Event: 8.009 GC heap after
{Heap after GC invocations=89 (full 8):
 PSYoungGen      total 67072K, used 7788K [0x00000000eab00000, 0x00000000efc80000, 0x0000000100000000)
  eden space 58880K, 0% used [0x00000000eab00000,0x00000000eab00000,0x00000000ee480000)
  from space 8192K, 95% used [0x00000000ef480000,0x00000000efc1b138,0x00000000efc80000)
  to   space 11776K, 0% used [0x00000000ee580000,0x00000000ee580000,0x00000000ef100000)
 ParOldGen       total 309760K, used 255464K [0x00000000c0000000, 0x00000000d2e80000, 0x00000000eab00000)
  object space 309760K, 82% used [0x00000000c0000000,0x00000000cf97a0d8,0x00000000d2e80000)
 Metaspace       used 67155K, committed 68288K, reserved 1114112K
  class space    used 7115K, committed 7552K, reserved 1048576K
}
Event: 8.074 GC heap before
{Heap before GC invocations=90 (full 8):
 PSYoungGen      total 67072K, used 66668K [0x00000000eab00000, 0x00000000efc80000, 0x0000000100000000)
  eden space 58880K, 100% used [0x00000000eab00000,0x00000000ee480000,0x00000000ee480000)
  from space 8192K, 95% used [0x00000000ef480000,0x00000000efc1b138,0x00000000efc80000)
  to   space 11776K, 0% used [0x00000000ee580000,0x00000000ee580000,0x00000000ef100000)
 ParOldGen       total 309760K, used 255464K [0x00000000c0000000, 0x00000000d2e80000, 0x00000000eab00000)
  object space 309760K, 82% used [0x00000000c0000000,0x00000000cf97a0d8,0x00000000d2e80000)
 Metaspace       used 68244K, committed 69312K, reserved 1114112K
  class space    used 7209K, committed 7616K, reserved 1048576K
}
Event: 8.080 GC heap after
{Heap after GC invocations=90 (full 8):
 PSYoungGen      total 71680K, used 11771K [0x00000000eab00000, 0x00000000f0f00000, 0x0000000100000000)
  eden space 59904K, 0% used [0x00000000eab00000,0x00000000eab00000,0x00000000ee580000)
  from space 11776K, 99% used [0x00000000ee580000,0x00000000ef0feec8,0x00000000ef100000)
  to   space 19456K, 0% used [0x00000000efc00000,0x00000000efc00000,0x00000000f0f00000)
 ParOldGen       total 309760K, used 261102K [0x00000000c0000000, 0x00000000d2e80000, 0x00000000eab00000)
  object space 309760K, 84% used [0x00000000c0000000,0x00000000cfefb940,0x00000000d2e80000)
 Metaspace       used 68244K, committed 69312K, reserved 1114112K
  class space    used 7209K, committed 7616K, reserved 1048576K
}
Event: 8.157 GC heap before
{Heap before GC invocations=91 (full 8):
 PSYoungGen      total 71680K, used 71675K [0x00000000eab00000, 0x00000000f0f00000, 0x0000000100000000)
  eden space 59904K, 100% used [0x00000000eab00000,0x00000000ee580000,0x00000000ee580000)
  from space 11776K, 99% used [0x00000000ee580000,0x00000000ef0feec8,0x00000000ef100000)
  to   space 19456K, 0% used [0x00000000efc00000,0x00000000efc00000,0x00000000f0f00000)
 ParOldGen       total 309760K, used 261102K [0x00000000c0000000, 0x00000000d2e80000, 0x00000000eab00000)
  object space 309760K, 84% used [0x00000000c0000000,0x00000000cfefb940,0x00000000d2e80000)
 Metaspace       used 68432K, committed 69632K, reserved 1114112K
  class space    used 7218K, committed 7680K, reserved 1048576K
}
Event: 8.165 GC heap after
{Heap after GC invocations=91 (full 8):
 PSYoungGen      total 78848K, used 14079K [0x00000000eab00000, 0x00000000f0a00000, 0x0000000100000000)
  eden space 64512K, 0% used [0x00000000eab00000,0x00000000eab00000,0x00000000eea00000)
  from space 14336K, 98% used [0x00000000efc00000,0x00000000f09bfca0,0x00000000f0a00000)
  to   space 15360K, 0% used [0x00000000eec00000,0x00000000eec00000,0x00000000efb00000)
 ParOldGen       total 309760K, used 272102K [0x00000000c0000000, 0x00000000d2e80000, 0x00000000eab00000)
  object space 309760K, 87% used [0x00000000c0000000,0x00000000d09b9948,0x00000000d2e80000)
 Metaspace       used 68432K, committed 69632K, reserved 1114112K
  class space    used 7218K, committed 7680K, reserved 1048576K
}
Event: 8.268 GC heap before
{Heap before GC invocations=92 (full 8):
 PSYoungGen      total 78848K, used 78591K [0x00000000eab00000, 0x00000000f0a00000, 0x0000000100000000)
  eden space 64512K, 100% used [0x00000000eab00000,0x00000000eea00000,0x00000000eea00000)
  from space 14336K, 98% used [0x00000000efc00000,0x00000000f09bfca0,0x00000000f0a00000)
  to   space 15360K, 0% used [0x00000000eec00000,0x00000000eec00000,0x00000000efb00000)
 ParOldGen       total 309760K, used 272102K [0x00000000c0000000, 0x00000000d2e80000, 0x00000000eab00000)
  object space 309760K, 87% used [0x00000000c0000000,0x00000000d09b9948,0x00000000d2e80000)
 Metaspace       used 68501K, committed 69632K, reserved 1114112K
  class space    used 7235K, committed 7680K, reserved 1048576K
}
Event: 8.277 GC heap after
{Heap after GC invocations=92 (full 8):
 PSYoungGen      total 81920K, used 15342K [0x00000000eab00000, 0x00000000f2a00000, 0x0000000100000000)
  eden space 66560K, 0% used [0x00000000eab00000,0x00000000eab00000,0x00000000eec00000)
  from space 15360K, 99% used [0x00000000eec00000,0x00000000efafb988,0x00000000efb00000)
  to   space 30208K, 0% used [0x00000000f0c80000,0x00000000f0c80000,0x00000000f2a00000)
 ParOldGen       total 309760K, used 284540K [0x00000000c0000000, 0x00000000d2e80000, 0x00000000eab00000)
  object space 309760K, 91% used [0x00000000c0000000,0x00000000d15df038,0x00000000d2e80000)
 Metaspace       used 68501K, committed 69632K, reserved 1114112K
  class space    used 7235K, committed 7680K, reserved 1048576K
}
Event: 8.347 GC heap before
{Heap before GC invocations=93 (full 8):
 PSYoungGen      total 81920K, used 81902K [0x00000000eab00000, 0x00000000f2a00000, 0x0000000100000000)
  eden space 66560K, 100% used [0x00000000eab00000,0x00000000eec00000,0x00000000eec00000)
  from space 15360K, 99% used [0x00000000eec00000,0x00000000efafb988,0x00000000efb00000)
  to   space 30208K, 0% used [0x00000000f0c80000,0x00000000f0c80000,0x00000000f2a00000)
 ParOldGen       total 309760K, used 284540K [0x00000000c0000000, 0x00000000d2e80000, 0x00000000eab00000)
  object space 309760K, 91% used [0x00000000c0000000,0x00000000d15df038,0x00000000d2e80000)
 Metaspace       used 68502K, committed 69632K, reserved 1114112K
  class space    used 7235K, committed 7680K, reserved 1048576K
}
Event: 8.355 GC heap after
{Heap after GC invocations=93 (full 8):
 PSYoungGen      total 92160K, used 20108K [0x00000000eab00000, 0x00000000f2080000, 0x0000000100000000)
  eden space 71680K, 0% used [0x00000000eab00000,0x00000000eab00000,0x00000000ef100000)
  from space 20480K, 98% used [0x00000000f0c80000,0x00000000f2023060,0x00000000f2080000)
  to   space 23040K, 0% used [0x00000000ef380000,0x00000000ef380000,0x00000000f0a00000)
 ParOldGen       total 309760K, used 299677K [0x00000000c0000000, 0x00000000d2e80000, 0x00000000eab00000)
  object space 309760K, 96% used [0x00000000c0000000,0x00000000d24a7420,0x00000000d2e80000)
 Metaspace       used 68502K, committed 69632K, reserved 1114112K
  class space    used 7235K, committed 7680K, reserved 1048576K
}
Event: 8.355 GC heap before
{Heap before GC invocations=94 (full 9):
 PSYoungGen      total 92160K, used 20108K [0x00000000eab00000, 0x00000000f2080000, 0x0000000100000000)
  eden space 71680K, 0% used [0x00000000eab00000,0x00000000eab00000,0x00000000ef100000)
  from space 20480K, 98% used [0x00000000f0c80000,0x00000000f2023060,0x00000000f2080000)
  to   space 23040K, 0% used [0x00000000ef380000,0x00000000ef380000,0x00000000f0a00000)
 ParOldGen       total 309760K, used 299677K [0x00000000c0000000, 0x00000000d2e80000, 0x00000000eab00000)
  object space 309760K, 96% used [0x00000000c0000000,0x00000000d24a7420,0x00000000d2e80000)
 Metaspace       used 68502K, committed 69632K, reserved 1114112K
  class space    used 7235K, committed 7680K, reserved 1048576K
}
Event: 8.488 GC heap after
{Heap after GC invocations=94 (full 9):
 PSYoungGen      total 97280K, used 462K [0x00000000eab00000, 0x00000000f2300000, 0x0000000100000000)
  eden space 76800K, 0% used [0x00000000eab00000,0x00000000eab00000,0x00000000ef600000)
  from space 20480K, 2% used [0x00000000f0c80000,0x00000000f0cf3808,0x00000000f2080000)
  to   space 23040K, 0% used [0x00000000ef600000,0x00000000ef600000,0x00000000f0c80000)
 ParOldGen       total 309760K, used 309397K [0x00000000c0000000, 0x00000000d2e80000, 0x00000000eab00000)
  object space 309760K, 99% used [0x00000000c0000000,0x00000000d2e257f0,0x00000000d2e80000)
 Metaspace       used 68500K, committed 69632K, reserved 1114112K
  class space    used 7234K, committed 7680K, reserved 1048576K
}
Event: 8.572 GC heap before
{Heap before GC invocations=95 (full 10):
 PSYoungGen      total 97280K, used 77262K [0x00000000eab00000, 0x00000000f2300000, 0x0000000100000000)
  eden space 76800K, 100% used [0x00000000eab00000,0x00000000ef600000,0x00000000ef600000)
  from space 20480K, 2% used [0x00000000f0c80000,0x00000000f0cf3808,0x00000000f2080000)
  to   space 23040K, 0% used [0x00000000ef600000,0x00000000ef600000,0x00000000f0c80000)
 ParOldGen       total 309760K, used 309397K [0x00000000c0000000, 0x00000000d2e80000, 0x00000000eab00000)
  object space 309760K, 99% used [0x00000000c0000000,0x00000000d2e257f0,0x00000000d2e80000)
 Metaspace       used 68502K, committed 69632K, reserved 1114112K
  class space    used 7234K, committed 7680K, reserved 1048576K
}
Event: 8.632 GC heap after
{Heap after GC invocations=95 (full 10):
 PSYoungGen      total 99840K, used 0K [0x00000000eab00000, 0x00000000f2780000, 0x0000000100000000)
  eden space 76800K, 0% used [0x00000000eab00000,0x00000000eab00000,0x00000000ef600000)
  from space 23040K, 0% used [0x00000000ef600000,0x00000000ef600000,0x00000000f0c80000)
  to   space 23040K, 0% used [0x00000000f1100000,0x00000000f1100000,0x00000000f2780000)
 ParOldGen       total 329216K, used 218553K [0x00000000c0000000, 0x00000000d4180000, 0x00000000eab00000)
  object space 329216K, 66% used [0x00000000c0000000,0x00000000cd56e530,0x00000000d4180000)
 Metaspace       used 68502K, committed 69632K, reserved 1114112K
  class space    used 7234K, committed 7680K, reserved 1048576K
}

