# JRE version: OpenJDK Runtime Environment Temurin-17.0.8+7 (17.0.8+7) (build 17.0.8+7)
# Java VM: OpenJDK 64-Bit Server VM Temurin-17.0.8+7 (17.0.8+7, mixed mode, sharing, tiered, compressed oops, compressed class ptrs, g1 gc, windows-amd64)
GC Precious Log:
 CPUs: 12 total, 12 available
 Memory: 16274M
 Large Page Support: Disabled
 NUMA Support: Disabled
 Compressed Oops: Enabled (32-bit)
 Heap Region Size: 1M
 Heap Min Capacity: 256M
 Heap Initial Capacity: 256M
 Heap Max Capacity: 512M
 Pre-touch: Disabled
 Parallel Workers: 10
 Concurrent Workers: 3
 Concurrent Refinement Workers: 10
 Periodic GC: Disabled
Heap:
 garbage-first heap   total 262144K, used 170404K [0x00000000e0000000, 0x0000000100000000)
  region size 1024K, 80 young (81920K), 10 survivors (10240K)
 Metaspace       used 70317K, committed 71104K, reserved 393216K
  class space    used 9201K, committed 9600K, reserved 327680K
GC Heap History (20 events):
Event: 73.693 GC heap before
{Heap before GC invocations=35 (full 0):
 garbage-first heap   total 262144K, used 202064K [0x00000000e0000000, 0x0000000100000000)
  region size 1024K, 78 young (79872K), 13 survivors (13312K)
 Metaspace       used 70832K, committed 71680K, reserved 393216K
  class space    used 9304K, committed 9728K, reserved 327680K
}
Event: 73.698 GC heap after
{Heap after GC invocations=36 (full 0):
 garbage-first heap   total 262144K, used 136703K [0x00000000e0000000, 0x0000000100000000)
  region size 1024K, 3 young (3072K), 3 survivors (3072K)
 Metaspace       used 70832K, committed 71680K, reserved 393216K
  class space    used 9304K, committed 9728K, reserved 327680K
}
Event: 1084.960 GC heap before
{Heap before GC invocations=37 (full 0):
 garbage-first heap   total 262144K, used 198143K [0x00000000e0000000, 0x0000000100000000)
  region size 1024K, 72 young (73728K), 3 survivors (3072K)
 Metaspace       used 68307K, committed 69760K, reserved 393216K
  class space    used 8982K, committed 9536K, reserved 327680K
}
Event: 1084.962 GC heap after
{Heap after GC invocations=38 (full 0):
 garbage-first heap   total 262144K, used 129537K [0x00000000e0000000, 0x0000000100000000)
  region size 1024K, 5 young (5120K), 5 survivors (5120K)
 Metaspace       used 68307K, committed 69760K, reserved 393216K
  class space    used 8982K, committed 9536K, reserved 327680K
}
Event: 1085.027 GC heap before
{Heap before GC invocations=38 (full 0):
 garbage-first heap   total 262144K, used 135681K [0x00000000e0000000, 0x0000000100000000)
  region size 1024K, 12 young (12288K), 5 survivors (5120K)
 Metaspace       used 68440K, committed 69760K, reserved 393216K
  class space    used 9002K, committed 9536K, reserved 327680K
}
Event: 1085.031 GC heap after
{Heap after GC invocations=39 (full 0):
 garbage-first heap   total 262144K, used 113762K [0x00000000e0000000, 0x0000000100000000)
  region size 1024K, 2 young (2048K), 2 survivors (2048K)
 Metaspace       used 68440K, committed 69760K, reserved 393216K
  class space    used 9002K, committed 9536K, reserved 327680K
}
Event: 1085.287 GC heap before
{Heap before GC invocations=39 (full 0):
 garbage-first heap   total 262144K, used 206946K [0x00000000e0000000, 0x0000000100000000)
  region size 1024K, 94 young (96256K), 2 survivors (2048K)
 Metaspace       used 68528K, committed 69760K, reserved 393216K
  class space    used 9009K, committed 9536K, reserved 327680K
}
Event: 1085.292 GC heap after
{Heap after GC invocations=40 (full 0):
 garbage-first heap   total 262144K, used 127098K [0x00000000e0000000, 0x0000000100000000)
  region size 1024K, 12 young (12288K), 12 survivors (12288K)
 Metaspace       used 68528K, committed 69760K, reserved 393216K
  class space    used 9009K, committed 9536K, reserved 327680K
}
Event: 1085.753 GC heap before
{Heap before GC invocations=40 (full 0):
 garbage-first heap   total 262144K, used 205946K [0x00000000e0000000, 0x0000000100000000)
  region size 1024K, 89 young (91136K), 12 survivors (12288K)
 Metaspace       used 68979K, committed 69824K, reserved 393216K
  class space    used 9069K, committed 9536K, reserved 327680K
}
Event: 1085.758 GC heap after
{Heap after GC invocations=41 (full 0):
 garbage-first heap   total 262144K, used 131832K [0x00000000e0000000, 0x0000000100000000)
  region size 1024K, 7 young (7168K), 7 survivors (7168K)
 Metaspace       used 68979K, committed 69824K, reserved 393216K
  class space    used 9069K, committed 9536K, reserved 327680K
}
Event: 1104.871 GC heap before
{Heap before GC invocations=41 (full 0):
 garbage-first heap   total 262144K, used 208632K [0x00000000e0000000, 0x0000000100000000)
  region size 1024K, 82 young (83968K), 7 survivors (7168K)
 Metaspace       used 69127K, committed 70016K, reserved 393216K
  class space    used 9081K, committed 9536K, reserved 327680K
}
Event: 1104.873 GC heap after
{Heap after GC invocations=42 (full 0):
 garbage-first heap   total 262144K, used 129185K [0x00000000e0000000, 0x0000000100000000)
  region size 1024K, 2 young (2048K), 2 survivors (2048K)
 Metaspace       used 69127K, committed 70016K, reserved 393216K
  class space    used 9081K, committed 9536K, reserved 327680K
}
Event: 1105.168 GC heap before
{Heap before GC invocations=43 (full 0):
 garbage-first heap   total 262144K, used 196769K [0x00000000e0000000, 0x0000000100000000)
  region size 1024K, 83 young (84992K), 2 survivors (2048K)
 Metaspace       used 68667K, committed 69952K, reserved 393216K
  class space    used 9000K, committed 9472K, reserved 327680K
}
Event: 1105.171 GC heap after
{Heap after GC invocations=44 (full 0):
 garbage-first heap   total 262144K, used 117429K [0x00000000e0000000, 0x0000000100000000)
  region size 1024K, 5 young (5120K), 5 survivors (5120K)
 Metaspace       used 68667K, committed 69952K, reserved 393216K
  class space    used 9000K, committed 9472K, reserved 327680K
}
Event: 1105.229 GC heap before
{Heap before GC invocations=44 (full 0):
 garbage-first heap   total 262144K, used 123573K [0x00000000e0000000, 0x0000000100000000)
  region size 1024K, 12 young (12288K), 5 survivors (5120K)
 Metaspace       used 68752K, committed 69952K, reserved 393216K
  class space    used 9007K, committed 9472K, reserved 327680K
}
Event: 1105.233 GC heap after
{Heap after GC invocations=45 (full 0):
 garbage-first heap   total 262144K, used 95292K [0x00000000e0000000, 0x0000000100000000)
  region size 1024K, 2 young (2048K), 2 survivors (2048K)
 Metaspace       used 68752K, committed 69952K, reserved 393216K
  class space    used 9007K, committed 9472K, reserved 327680K
}
Event: 1105.282 GC heap before
{Heap before GC invocations=45 (full 0):
 garbage-first heap   total 262144K, used 105532K [0x00000000e0000000, 0x0000000100000000)
  region size 1024K, 12 young (12288K), 2 survivors (2048K)
 Metaspace       used 68752K, committed 69952K, reserved 393216K
  class space    used 9007K, committed 9472K, reserved 327680K
}
Event: 1105.287 GC heap after
{Heap after GC invocations=46 (full 0):
 garbage-first heap   total 262144K, used 92064K [0x00000000e0000000, 0x0000000100000000)
  region size 1024K, 2 young (2048K), 2 survivors (2048K)
 Metaspace       used 68752K, committed 69952K, reserved 393216K
  class space    used 9007K, committed 9472K, reserved 327680K
}
Event: 1106.029 GC heap before
{Heap before GC invocations=46 (full 0):
 garbage-first heap   total 262144K, used 200608K [0x00000000e0000000, 0x0000000100000000)
  region size 1024K, 109 young (111616K), 2 survivors (2048K)
 Metaspace       used 70288K, committed 71104K, reserved 393216K
  class space    used 9199K, committed 9600K, reserved 327680K
}
Event: 1106.034 GC heap after
{Heap after GC invocations=47 (full 0):
 garbage-first heap   total 262144K, used 99748K [0x00000000e0000000, 0x0000000100000000)
  region size 1024K, 10 young (10240K), 10 survivors (10240K)
 Metaspace       used 70288K, committed 71104K, reserved 393216K
  class space    used 9199K, committed 9600K, reserved 327680K
}

