# JRE version: OpenJDK Runtime Environment Temurin-17.0.10+7 (17.0.10+7) (build 17.0.10+7)
# Java VM: OpenJDK 64-Bit Server VM Temurin-17.0.10+7 (17.0.10+7, mixed mode, tiered, compressed oops, compressed class ptrs, parallel gc, windows-amd64)
GC Precious Log:
 CPUs: 12 total, 12 available
 Memory: 16274M
 Large Page Support: Disabled
 NUMA Support: Disabled
 Compressed Oops: Enabled (32-bit)
 Alignments: Space 512K, Generation 512K, Heap 2M
 Heap Min Capacity: 100M
 Heap Initial Capacity: 100M
 Heap Max Capacity: 1G
 Pre-touch: Disabled
 Parallel Workers: 10
Heap:
 PSYoungGen      total 13824K, used 3189K [0x00000000eab00000, 0x00000000ebb00000, 0x0000000100000000)
  eden space 11264K, 5% used [0x00000000eab00000,0x00000000eaba46d0,0x00000000eb600000)
  from space 2560K, 98% used [0x00000000eb880000,0x00000000ebaf9020,0x00000000ebb00000)
  to   space 2048K, 0% used [0x00000000eb600000,0x00000000eb600000,0x00000000eb800000)
 ParOldGen       total 111616K, used 91044K [0x00000000c0000000, 0x00000000c6d00000, 0x00000000eab00000)
  object space 111616K, 81% used [0x00000000c0000000,0x00000000c58e92e0,0x00000000c6d00000)
 Metaspace       used 62967K, committed 64000K, reserved 1114112K
  class space    used 6846K, committed 7296K, reserved 1048576K
GC Heap History (20 events):
Event: 8.058 GC heap before
{Heap before GC invocations=50 (full 3):
 PSYoungGen      total 16384K, used 16194K [0x00000000eab00000, 0x00000000ebd80000, 0x0000000100000000)
  eden space 13824K, 100% used [0x00000000eab00000,0x00000000eb880000,0x00000000eb880000)
  from space 2560K, 92% used [0x00000000eb980000,0x00000000ebbd0ac0,0x00000000ebc00000)
  to   space 1536K, 0% used [0x00000000ebc00000,0x00000000ebc00000,0x00000000ebd80000)
 ParOldGen       total 87552K, used 75148K [0x00000000c0000000, 0x00000000c5580000, 0x00000000eab00000)
  object space 87552K, 85% used [0x00000000c0000000,0x00000000c49631c0,0x00000000c5580000)
 Metaspace       used 61380K, committed 62464K, reserved 1114112K
  class space    used 6659K, committed 7104K, reserved 1048576K
}
Event: 8.059 GC heap after
{Heap after GC invocations=50 (full 3):
 PSYoungGen      total 15360K, used 1521K [0x00000000eab00000, 0x00000000ebf80000, 0x0000000100000000)
  eden space 13824K, 0% used [0x00000000eab00000,0x00000000eab00000,0x00000000eb880000)
  from space 1536K, 99% used [0x00000000ebc00000,0x00000000ebd7c400,0x00000000ebd80000)
  to   space 3584K, 0% used [0x00000000eb880000,0x00000000eb880000,0x00000000ebc00000)
 ParOldGen       total 87552K, used 76894K [0x00000000c0000000, 0x00000000c5580000, 0x00000000eab00000)
  object space 87552K, 87% used [0x00000000c0000000,0x00000000c4b17a48,0x00000000c5580000)
 Metaspace       used 61380K, committed 62464K, reserved 1114112K
  class space    used 6659K, committed 7104K, reserved 1048576K
}
Event: 8.088 GC heap before
{Heap before GC invocations=51 (full 3):
 PSYoungGen      total 15360K, used 15345K [0x00000000eab00000, 0x00000000ebf80000, 0x0000000100000000)
  eden space 13824K, 100% used [0x00000000eab00000,0x00000000eb880000,0x00000000eb880000)
  from space 1536K, 99% used [0x00000000ebc00000,0x00000000ebd7c400,0x00000000ebd80000)
  to   space 3584K, 0% used [0x00000000eb880000,0x00000000eb880000,0x00000000ebc00000)
 ParOldGen       total 87552K, used 76894K [0x00000000c0000000, 0x00000000c5580000, 0x00000000eab00000)
  object space 87552K, 87% used [0x00000000c0000000,0x00000000c4b17a48,0x00000000c5580000)
 Metaspace       used 62022K, committed 63104K, reserved 1114112K
  class space    used 6725K, committed 7168K, reserved 1048576K
}
Event: 8.089 GC heap after
{Heap after GC invocations=51 (full 3):
 PSYoungGen      total 15872K, used 1745K [0x00000000eab00000, 0x00000000ebd80000, 0x0000000100000000)
  eden space 13824K, 0% used [0x00000000eab00000,0x00000000eab00000,0x00000000eb880000)
  from space 2048K, 85% used [0x00000000eb880000,0x00000000eba34648,0x00000000eba80000)
  to   space 2560K, 0% used [0x00000000ebb00000,0x00000000ebb00000,0x00000000ebd80000)
 ParOldGen       total 87552K, used 77952K [0x00000000c0000000, 0x00000000c5580000, 0x00000000eab00000)
  object space 87552K, 89% used [0x00000000c0000000,0x00000000c4c200f0,0x00000000c5580000)
 Metaspace       used 62022K, committed 63104K, reserved 1114112K
  class space    used 6725K, committed 7168K, reserved 1048576K
}
Event: 8.126 GC heap before
{Heap before GC invocations=52 (full 3):
 PSYoungGen      total 15872K, used 15569K [0x00000000eab00000, 0x00000000ebd80000, 0x0000000100000000)
  eden space 13824K, 100% used [0x00000000eab00000,0x00000000eb880000,0x00000000eb880000)
  from space 2048K, 85% used [0x00000000eb880000,0x00000000eba34648,0x00000000eba80000)
  to   space 2560K, 0% used [0x00000000ebb00000,0x00000000ebb00000,0x00000000ebd80000)
 ParOldGen       total 87552K, used 77952K [0x00000000c0000000, 0x00000000c5580000, 0x00000000eab00000)
  object space 87552K, 89% used [0x00000000c0000000,0x00000000c4c200f0,0x00000000c5580000)
 Metaspace       used 62510K, committed 63616K, reserved 1114112K
  class space    used 6774K, committed 7232K, reserved 1048576K
}
Event: 8.128 GC heap after
{Heap after GC invocations=52 (full 3):
 PSYoungGen      total 13824K, used 2532K [0x00000000eab00000, 0x00000000ec280000, 0x0000000100000000)
  eden space 11264K, 0% used [0x00000000eab00000,0x00000000eab00000,0x00000000eb600000)
  from space 2560K, 98% used [0x00000000ebb00000,0x00000000ebd793c0,0x00000000ebd80000)
  to   space 5120K, 0% used [0x00000000eb600000,0x00000000eb600000,0x00000000ebb00000)
 ParOldGen       total 87552K, used 79963K [0x00000000c0000000, 0x00000000c5580000, 0x00000000eab00000)
  object space 87552K, 91% used [0x00000000c0000000,0x00000000c4e16cf0,0x00000000c5580000)
 Metaspace       used 62510K, committed 63616K, reserved 1114112K
  class space    used 6774K, committed 7232K, reserved 1048576K
}
Event: 8.166 GC heap before
{Heap before GC invocations=53 (full 3):
 PSYoungGen      total 13824K, used 13796K [0x00000000eab00000, 0x00000000ec280000, 0x0000000100000000)
  eden space 11264K, 100% used [0x00000000eab00000,0x00000000eb600000,0x00000000eb600000)
  from space 2560K, 98% used [0x00000000ebb00000,0x00000000ebd793c0,0x00000000ebd80000)
  to   space 5120K, 0% used [0x00000000eb600000,0x00000000eb600000,0x00000000ebb00000)
 ParOldGen       total 87552K, used 79963K [0x00000000c0000000, 0x00000000c5580000, 0x00000000eab00000)
  object space 87552K, 91% used [0x00000000c0000000,0x00000000c4e16cf0,0x00000000c5580000)
 Metaspace       used 62592K, committed 63680K, reserved 1114112K
  class space    used 6781K, committed 7232K, reserved 1048576K
}
Event: 8.169 GC heap after
{Heap after GC invocations=53 (full 3):
 PSYoungGen      total 13824K, used 2241K [0x00000000eab00000, 0x00000000ebc00000, 0x0000000100000000)
  eden space 11264K, 0% used [0x00000000eab00000,0x00000000eab00000,0x00000000eb600000)
  from space 2560K, 87% used [0x00000000eb600000,0x00000000eb8304b8,0x00000000eb880000)
  to   space 3072K, 0% used [0x00000000eb900000,0x00000000eb900000,0x00000000ebc00000)
 ParOldGen       total 87552K, used 82481K [0x00000000c0000000, 0x00000000c5580000, 0x00000000eab00000)
  object space 87552K, 94% used [0x00000000c0000000,0x00000000c508c498,0x00000000c5580000)
 Metaspace       used 62592K, committed 63680K, reserved 1114112K
  class space    used 6781K, committed 7232K, reserved 1048576K
}
Event: 8.200 GC heap before
{Heap before GC invocations=54 (full 3):
 PSYoungGen      total 13824K, used 13505K [0x00000000eab00000, 0x00000000ebc00000, 0x0000000100000000)
  eden space 11264K, 100% used [0x00000000eab00000,0x00000000eb600000,0x00000000eb600000)
  from space 2560K, 87% used [0x00000000eb600000,0x00000000eb8304b8,0x00000000eb880000)
  to   space 3072K, 0% used [0x00000000eb900000,0x00000000eb900000,0x00000000ebc00000)
 ParOldGen       total 87552K, used 82481K [0x00000000c0000000, 0x00000000c5580000, 0x00000000eab00000)
  object space 87552K, 94% used [0x00000000c0000000,0x00000000c508c498,0x00000000c5580000)
 Metaspace       used 62627K, committed 63744K, reserved 1114112K
  class space    used 6794K, committed 7296K, reserved 1048576K
}
Event: 8.201 GC heap after
{Heap after GC invocations=54 (full 3):
 PSYoungGen      total 13312K, used 1979K [0x00000000eab00000, 0x00000000ebb00000, 0x0000000100000000)
  eden space 11264K, 0% used [0x00000000eab00000,0x00000000eab00000,0x00000000eb600000)
  from space 2048K, 96% used [0x00000000eb900000,0x00000000ebaeec58,0x00000000ebb00000)
  to   space 2560K, 0% used [0x00000000eb600000,0x00000000eb600000,0x00000000eb880000)
 ParOldGen       total 87552K, used 84623K [0x00000000c0000000, 0x00000000c5580000, 0x00000000eab00000)
  object space 87552K, 96% used [0x00000000c0000000,0x00000000c52a3ea0,0x00000000c5580000)
 Metaspace       used 62627K, committed 63744K, reserved 1114112K
  class space    used 6794K, committed 7296K, reserved 1048576K
}
Event: 8.232 GC heap before
{Heap before GC invocations=55 (full 3):
 PSYoungGen      total 13312K, used 13187K [0x00000000eab00000, 0x00000000ebb00000, 0x0000000100000000)
  eden space 11264K, 99% used [0x00000000eab00000,0x00000000eb5f2168,0x00000000eb600000)
  from space 2048K, 96% used [0x00000000eb900000,0x00000000ebaeec58,0x00000000ebb00000)
  to   space 2560K, 0% used [0x00000000eb600000,0x00000000eb600000,0x00000000eb880000)
 ParOldGen       total 87552K, used 84623K [0x00000000c0000000, 0x00000000c5580000, 0x00000000eab00000)
  object space 87552K, 96% used [0x00000000c0000000,0x00000000c52a3ea0,0x00000000c5580000)
 Metaspace       used 62660K, committed 63744K, reserved 1114112K
  class space    used 6810K, committed 7296K, reserved 1048576K
}
Event: 8.234 GC heap after
{Heap after GC invocations=55 (full 3):
 PSYoungGen      total 13312K, used 1918K [0x00000000eab00000, 0x00000000eba00000, 0x0000000100000000)
  eden space 11264K, 0% used [0x00000000eab00000,0x00000000eab00000,0x00000000eb600000)
  from space 2048K, 93% used [0x00000000eb600000,0x00000000eb7dfa60,0x00000000eb800000)
  to   space 2048K, 0% used [0x00000000eb800000,0x00000000eb800000,0x00000000eba00000)
 ParOldGen       total 87552K, used 86529K [0x00000000c0000000, 0x00000000c5580000, 0x00000000eab00000)
  object space 87552K, 98% used [0x00000000c0000000,0x00000000c54807a8,0x00000000c5580000)
 Metaspace       used 62660K, committed 63744K, reserved 1114112K
  class space    used 6810K, committed 7296K, reserved 1048576K
}
Event: 8.234 GC heap before
{Heap before GC invocations=56 (full 4):
 PSYoungGen      total 13312K, used 1918K [0x00000000eab00000, 0x00000000eba00000, 0x0000000100000000)
  eden space 11264K, 0% used [0x00000000eab00000,0x00000000eab00000,0x00000000eb600000)
  from space 2048K, 93% used [0x00000000eb600000,0x00000000eb7dfa60,0x00000000eb800000)
  to   space 2048K, 0% used [0x00000000eb800000,0x00000000eb800000,0x00000000eba00000)
 ParOldGen       total 87552K, used 86529K [0x00000000c0000000, 0x00000000c5580000, 0x00000000eab00000)
  object space 87552K, 98% used [0x00000000c0000000,0x00000000c54807a8,0x00000000c5580000)
 Metaspace       used 62660K, committed 63744K, reserved 1114112K
  class space    used 6810K, committed 7296K, reserved 1048576K
}
Event: 8.276 GC heap after
{Heap after GC invocations=56 (full 4):
 PSYoungGen      total 13312K, used 0K [0x00000000eab00000, 0x00000000eba00000, 0x0000000100000000)
  eden space 11264K, 0% used [0x00000000eab00000,0x00000000eab00000,0x00000000eb600000)
  from space 2048K, 0% used [0x00000000eb800000,0x00000000eb800000,0x00000000eba00000)
  to   space 2048K, 0% used [0x00000000eb600000,0x00000000eb600000,0x00000000eb800000)
 ParOldGen       total 111616K, used 84643K [0x00000000c0000000, 0x00000000c6d00000, 0x00000000eab00000)
  object space 111616K, 75% used [0x00000000c0000000,0x00000000c52a8df8,0x00000000c6d00000)
 Metaspace       used 62660K, committed 63744K, reserved 1114112K
  class space    used 6810K, committed 7296K, reserved 1048576K
}
Event: 8.312 GC heap before
{Heap before GC invocations=57 (full 4):
 PSYoungGen      total 13312K, used 11264K [0x00000000eab00000, 0x00000000eba00000, 0x0000000100000000)
  eden space 11264K, 100% used [0x00000000eab00000,0x00000000eb600000,0x00000000eb600000)
  from space 2048K, 0% used [0x00000000eb800000,0x00000000eb800000,0x00000000eba00000)
  to   space 2048K, 0% used [0x00000000eb600000,0x00000000eb600000,0x00000000eb800000)
 ParOldGen       total 111616K, used 84643K [0x00000000c0000000, 0x00000000c6d00000, 0x00000000eab00000)
  object space 111616K, 75% used [0x00000000c0000000,0x00000000c52a8df8,0x00000000c6d00000)
 Metaspace       used 62704K, committed 63808K, reserved 1114112K
  class space    used 6823K, committed 7296K, reserved 1048576K
}
Event: 8.313 GC heap after
{Heap after GC invocations=57 (full 4):
 PSYoungGen      total 13312K, used 2026K [0x00000000eab00000, 0x00000000ebb00000, 0x0000000100000000)
  eden space 11264K, 0% used [0x00000000eab00000,0x00000000eab00000,0x00000000eb600000)
  from space 2048K, 98% used [0x00000000eb600000,0x00000000eb7faae0,0x00000000eb800000)
  to   space 2560K, 0% used [0x00000000eb880000,0x00000000eb880000,0x00000000ebb00000)
 ParOldGen       total 111616K, used 84651K [0x00000000c0000000, 0x00000000c6d00000, 0x00000000eab00000)
  object space 111616K, 75% used [0x00000000c0000000,0x00000000c52aadf8,0x00000000c6d00000)
 Metaspace       used 62704K, committed 63808K, reserved 1114112K
  class space    used 6823K, committed 7296K, reserved 1048576K
}
Event: 8.342 GC heap before
{Heap before GC invocations=58 (full 4):
 PSYoungGen      total 13312K, used 13290K [0x00000000eab00000, 0x00000000ebb00000, 0x0000000100000000)
  eden space 11264K, 100% used [0x00000000eab00000,0x00000000eb600000,0x00000000eb600000)
  from space 2048K, 98% used [0x00000000eb600000,0x00000000eb7faae0,0x00000000eb800000)
  to   space 2560K, 0% used [0x00000000eb880000,0x00000000eb880000,0x00000000ebb00000)
 ParOldGen       total 111616K, used 84651K [0x00000000c0000000, 0x00000000c6d00000, 0x00000000eab00000)
  object space 111616K, 75% used [0x00000000c0000000,0x00000000c52aadf8,0x00000000c6d00000)
 Metaspace       used 62781K, committed 63872K, reserved 1114112K
  class space    used 6833K, committed 7296K, reserved 1048576K
}
Event: 8.343 GC heap after
{Heap after GC invocations=58 (full 4):
 PSYoungGen      total 13824K, used 2539K [0x00000000eab00000, 0x00000000ebb00000, 0x0000000100000000)
  eden space 11264K, 0% used [0x00000000eab00000,0x00000000eab00000,0x00000000eb600000)
  from space 2560K, 99% used [0x00000000eb880000,0x00000000ebafafd8,0x00000000ebb00000)
  to   space 2048K, 0% used [0x00000000eb600000,0x00000000eb600000,0x00000000eb800000)
 ParOldGen       total 111616K, used 86313K [0x00000000c0000000, 0x00000000c6d00000, 0x00000000eab00000)
  object space 111616K, 77% used [0x00000000c0000000,0x00000000c544a6f0,0x00000000c6d00000)
 Metaspace       used 62781K, committed 63872K, reserved 1114112K
  class space    used 6833K, committed 7296K, reserved 1048576K
}
Event: 8.378 GC heap before
{Heap before GC invocations=59 (full 4):
 PSYoungGen      total 13824K, used 13803K [0x00000000eab00000, 0x00000000ebb00000, 0x0000000100000000)
  eden space 11264K, 100% used [0x00000000eab00000,0x00000000eb600000,0x00000000eb600000)
  from space 2560K, 99% used [0x00000000eb880000,0x00000000ebafafd8,0x00000000ebb00000)
  to   space 2048K, 0% used [0x00000000eb600000,0x00000000eb600000,0x00000000eb800000)
 ParOldGen       total 111616K, used 86313K [0x00000000c0000000, 0x00000000c6d00000, 0x00000000eab00000)
  object space 111616K, 77% used [0x00000000c0000000,0x00000000c544a6f0,0x00000000c6d00000)
 Metaspace       used 62895K, committed 63936K, reserved 1114112K
  class space    used 6840K, committed 7296K, reserved 1048576K
}
Event: 8.380 GC heap after
{Heap after GC invocations=59 (full 4):
 PSYoungGen      total 13312K, used 2041K [0x00000000eab00000, 0x00000000ebb00000, 0x0000000100000000)
  eden space 11264K, 0% used [0x00000000eab00000,0x00000000eab00000,0x00000000eb600000)
  from space 2048K, 99% used [0x00000000eb600000,0x00000000eb7fe4b8,0x00000000eb800000)
  to   space 2560K, 0% used [0x00000000eb880000,0x00000000eb880000,0x00000000ebb00000)
 ParOldGen       total 111616K, used 89006K [0x00000000c0000000, 0x00000000c6d00000, 0x00000000eab00000)
  object space 111616K, 79% used [0x00000000c0000000,0x00000000c56eb940,0x00000000c6d00000)
 Metaspace       used 62895K, committed 63936K, reserved 1114112K
  class space    used 6840K, committed 7296K, reserved 1048576K
}

